#
# A fatal error has been detected by the Java Runtime Environment:
#
#  EXCEPTION_ACCESS_VIOLATION (0xc0000005) at pc=0x000007fee72d20fd, pid=7236, tid=0x00000000000003a4
#
# JRE version: Java(TM) SE Runtime Environment (8.0_112-b15) (build 1.8.0_112-b15)
# Java VM: Java HotSpot(TM) 64-Bit Server VM (25.112-b15 mixed mode windows-amd64 compressed oops)
# Problematic frame:
# C  [lwjgl_opengl.dll+0x120fd]
#
# Failed to write core dump. Minidumps are not enabled by default on client versions of Windows
#
# If you would like to submit a bug report, please visit:
#   http://bugreport.java.com/bugreport/crash.jsp
# The crash happened outside the Java Virtual Machine in native code.
# See problematic frame for where to report the bug.
#

---------------  T H R E A D  ---------------

Current thread (0x00000000023df800):  JavaThread "main" [_thread_in_native, id=932, stack(0x0000000002550000,0x0000000002650000)]

siginfo: ExceptionCode=0xc0000005, reading address 0x0000000000000e88

Registers:
RAX=0x0000000056e4ed50, RBX=0x0000000054d5bdc8, RCX=0x0000000000000001, RDX=0x00000000578c6afc
RSP=0x000000000264f178, RBP=0x000000000264f200, RSI=0x0000000000000020, RDI=0x0000000002927e50
R8 =0x0000000000000001, R9 =0x00000000578c6afc, R10=0x0000000000000000, R11=0x00000000568db530
R12=0x0000000000000000, R13=0x0000000054d5bdc8, R14=0x000000000264f230, R15=0x00000000023df800
RIP=0x000007fee72d20fd, EFLAGS=0x0000000000010206

Top of Stack: (sp=0x000000000264f178)
0x000000000264f178:   0000000002937f54 0000000002927e50
0x000000000264f188:   0000000002937cbd 00000000023df800
0x000000000264f198:   0000000054d5bdc8 0000000000000020
0x000000000264f1a8:   00000000023df800 000000000264f2a8
0x000000000264f1b8:   0000000002937c82 000000000264f1c0
0x000000000264f1c8:   0000000054d5bdc8 000000000264f230
0x000000000264f1d8:   0000000054d5fe68 0000000000000000
0x000000000264f1e8:   0000000054d5bdc8 0000000000000000
0x000000000264f1f8:   000000000264f220 000000000264f278
0x000000000264f208:   0000000002928331 00000000eb6e0110
0x000000000264f218:   00000000029319b8 00000000578c6afc
0x000000000264f228:   00000000eb72ed10 0000000000000001
0x000000000264f238:   000000000264f238 0000000054d5bf1c
0x000000000264f248:   000000000264f2a8 0000000054d5fe68
0x000000000264f258:   0000000000000000 0000000054d5bf80
0x000000000264f268:   000000000264f220 000000000264f2b0 

Instructions: (pc=0x000007fee72d20fd)
0x000007fee72d20dd:   49 ff a2 20 09 00 00 cc cc cc cc cc cc cc cc cc
0x000007fee72d20ed:   cc cc cc 48 8b 01 49 8b d1 41 8b c8 4c 8b 50 18
0x000007fee72d20fd:   49 ff a2 88 0e 00 00 cc cc cc cc cc cc cc cc cc
0x000007fee72d210d:   cc cc cc 48 8b 01 48 8b 48 18 48 8b 81 b0 1a 00 


Register to memory mapping:

RAX=0x0000000056e4ed50 is an unknown value
RBX={method} {0x0000000054d5bdd0} 'nglGenBuffers' '(IJ)V' in 'org/lwjgl/opengl/GL15'
RCX=0x0000000000000001 is an unknown value
RDX=0x00000000578c6afc is an unknown value
RSP=0x000000000264f178 is pointing into the stack for thread: 0x00000000023df800
RBP=0x000000000264f200 is pointing into the stack for thread: 0x00000000023df800
RSI=0x0000000000000020 is an unknown value
RDI=0x0000000002927e50 is at code_begin+1040 in an Interpreter codelet
invoke return entry points  [0x0000000002927a40, 0x0000000002928420]  2528 bytes
R8 =0x0000000000000001 is an unknown value
R9 =0x00000000578c6afc is an unknown value
R10=0x0000000000000000 is an unknown value
R11=0x00000000568db530 is an unknown value
R12=0x0000000000000000 is an unknown value
R13={method} {0x0000000054d5bdd0} 'nglGenBuffers' '(IJ)V' in 'org/lwjgl/opengl/GL15'
R14=0x000000000264f230 is pointing into the stack for thread: 0x00000000023df800
R15=0x00000000023df800 is a thread


Stack: [0x0000000002550000,0x0000000002650000],  sp=0x000000000264f178,  free space=1020k
Native frames: (J=compiled Java code, j=interpreted, Vv=VM code, C=native code)
C  [lwjgl_opengl.dll+0x120fd]

Java frames: (J=compiled Java code, j=interpreted, Vv=VM code)
j  org.lwjgl.opengl.GL15.nglGenBuffers(IJ)V+0
j  org.lwjgl.opengl.GL15.glGenBuffers()I+20
j  main.Model.<init>([F[F[I)V+11
j  main.TileRenderer.<init>()V+150
j  main.Game.init()V+95
j  main.Game.<init>()V+5
j  main.Game.main([Ljava/lang/String;)V+3
v  ~StubRoutines::call_stub

---------------  P R O C E S S  ---------------

Java Threads: ( => current thread )
  0x0000000057563800 JavaThread "Service Thread" daemon [_thread_blocked, id=3652, stack(0x0000000057ae0000,0x0000000057be0000)]
  0x000000005750f000 JavaThread "C1 CompilerThread2" daemon [_thread_blocked, id=8436, stack(0x0000000057170000,0x0000000057270000)]
  0x00000000574e8800 JavaThread "C2 CompilerThread1" daemon [_thread_blocked, id=2252, stack(0x0000000057930000,0x0000000057a30000)]
  0x0000000055217800 JavaThread "C2 CompilerThread0" daemon [_thread_blocked, id=3268, stack(0x00000000573e0000,0x00000000574e0000)]
  0x0000000055216000 JavaThread "Attach Listener" daemon [_thread_blocked, id=5812, stack(0x00000000572c0000,0x00000000573c0000)]
  0x0000000055214800 JavaThread "Signal Dispatcher" daemon [_thread_blocked, id=3848, stack(0x0000000057040000,0x0000000057140000)]
  0x00000000551fa800 JavaThread "Finalizer" daemon [_thread_blocked, id=3772, stack(0x0000000056470000,0x0000000056570000)]
  0x00000000551b3800 JavaThread "Reference Handler" daemon [_thread_blocked, id=6788, stack(0x0000000056140000,0x0000000056240000)]
=>0x00000000023df800 JavaThread "main" [_thread_in_native, id=932, stack(0x0000000002550000,0x0000000002650000)]

Other Threads:
  0x00000000551ac000 VMThread [stack: 0x0000000056270000,0x0000000056370000] [id=5708]
  0x0000000057580000 WatcherThread [stack: 0x0000000057cd0000,0x0000000057dd0000] [id=1404]

VM state:not at safepoint (normal execution)

VM Mutex/Monitor currently owned by a thread: None

Heap:
 PSYoungGen      total 18944K, used 6615K [0x00000000eb100000, 0x00000000ec600000, 0x0000000100000000)
  eden space 16384K, 40% used [0x00000000eb100000,0x00000000eb775e78,0x00000000ec100000)
  from space 2560K, 0% used [0x00000000ec380000,0x00000000ec380000,0x00000000ec600000)
  to   space 2560K, 0% used [0x00000000ec100000,0x00000000ec100000,0x00000000ec380000)
 ParOldGen       total 44032K, used 0K [0x00000000c1200000, 0x00000000c3d00000, 0x00000000eb100000)
  object space 44032K, 0% used [0x00000000c1200000,0x00000000c1200000,0x00000000c3d00000)
 Metaspace       used 5976K, capacity 6172K, committed 6400K, reserved 1056768K
  class space    used 657K, capacity 738K, committed 768K, reserved 1048576K

Card table byte_map: [0x0000000011ce0000,0x0000000011ee0000] byte_map_base: 0x00000000116d7000

Marking Bits: (ParMarkBitMap*) 0x0000000056eca6d0
 Begin Bits: [0x00000000126b0000, 0x0000000013668000)
 End Bits:   [0x0000000013668000, 0x0000000014620000)

Polling page: 0x0000000000240000

CodeCache: size=245760Kb used=2112Kb max_used=2122Kb free=243647Kb
 bounds [0x0000000002920000, 0x0000000002b90000, 0x0000000011920000]
 total_blobs=1110 nmethods=415 adapters=608
 compilation: enabled

Compilation events (10 events):
Event: 3.084 Thread 0x000000005750f000  411       3       java.io.FilterInputStream::read (8 bytes)
Event: 3.084 Thread 0x000000005750f000 nmethod 411 0x0000000002b2f810 code [0x0000000002b2f980, 0x0000000002b2fba8]
Event: 3.093 Thread 0x0000000055217800 nmethod 412 0x0000000002b32a50 code [0x0000000002b32ba0, 0x0000000002b32db8]
Event: 3.094 Thread 0x000000005750f000  413       1       java.util.zip.ZipCoder::isUTF8 (5 bytes)
Event: 3.094 Thread 0x000000005750f000 nmethod 413 0x0000000002b31290 code [0x0000000002b313e0, 0x0000000002b314f0]
Event: 3.094 Thread 0x00000000574e8800 nmethod 408 0x0000000002b30d90 code [0x0000000002b30ee0, 0x0000000002b31138]
Event: 3.098 Thread 0x000000005750f000  414       3       sun.misc.URLClassPath$JarLoader::findResource (18 bytes)
Event: 3.098 Thread 0x000000005750f000 nmethod 414 0x0000000002b30890 code [0x0000000002b30a00, 0x0000000002b30c98]
Event: 3.105 Thread 0x000000005750f000  415       3       java.nio.Bits::byteOrder (20 bytes)
Event: 3.106 Thread 0x000000005750f000 nmethod 415 0x0000000002b30590 code [0x0000000002b306e0, 0x0000000002b30830]

GC Heap History (0 events):
No events

Deoptimization events (0 events):
No events

Internal exceptions (10 events):
Event: 0.745 Thread 0x00000000023df800 Exception <a 'java/security/PrivilegedActionException'> (0x00000000eb4320e8) thrown at [C:\re\workspace\8-2-build-windows-amd64-cygwin\jdk8u112\7884\hotspot\src\share\vm\prims\jvm.cpp, line 1390]
Event: 0.745 Thread 0x00000000023df800 Exception <a 'java/security/PrivilegedActionException'> (0x00000000eb4322f8) thrown at [C:\re\workspace\8-2-build-windows-amd64-cygwin\jdk8u112\7884\hotspot\src\share\vm\prims\jvm.cpp, line 1390]
Event: 0.746 Thread 0x00000000023df800 Exception <a 'java/security/PrivilegedActionException'> (0x00000000eb4358b0) thrown at [C:\re\workspace\8-2-build-windows-amd64-cygwin\jdk8u112\7884\hotspot\src\share\vm\prims\jvm.cpp, line 1390]
Event: 0.746 Thread 0x00000000023df800 Exception <a 'java/security/PrivilegedActionException'> (0x00000000eb435ac0) thrown at [C:\re\workspace\8-2-build-windows-amd64-cygwin\jdk8u112\7884\hotspot\src\share\vm\prims\jvm.cpp, line 1390]
Event: 3.099 Thread 0x00000000023df800 Exception <a 'sun/nio/fs/WindowsException'> (0x00000000eb71ad50) thrown at [C:\re\workspace\8-2-build-windows-amd64-cygwin\jdk8u112\7884\hotspot\src\share\vm\prims\jni.cpp, line 709]
Event: 3.101 Thread 0x00000000023df800 Exception <a 'sun/nio/fs/WindowsException'> (0x00000000eb71b588) thrown at [C:\re\workspace\8-2-build-windows-amd64-cygwin\jdk8u112\7884\hotspot\src\share\vm\prims\jni.cpp, line 709]
Event: 3.103 Thread 0x00000000023df800 Exception <a 'sun/nio/fs/WindowsException'> (0x00000000eb71d2d0) thrown at [C:\re\workspace\8-2-build-windows-amd64-cygwin\jdk8u112\7884\hotspot\src\share\vm\prims\jni.cpp, line 709]
Event: 3.103 Thread 0x00000000023df800 Exception <a 'sun/nio/fs/WindowsException'> (0x00000000eb71d888) thrown at [C:\re\workspace\8-2-build-windows-amd64-cygwin\jdk8u112\7884\hotspot\src\share\vm\prims\jni.cpp, line 709]
Event: 3.104 Thread 0x00000000023df800 Exception <a 'sun/nio/fs/WindowsException'> (0x00000000eb71e260) thrown at [C:\re\workspace\8-2-build-windows-amd64-cygwin\jdk8u112\7884\hotspot\src\share\vm\prims\jni.cpp, line 709]
Event: 3.104 Thread 0x00000000023df800 Exception <a 'sun/nio/fs/WindowsException'> (0x00000000eb71e6f0) thrown at [C:\re\workspace\8-2-build-windows-amd64-cygwin\jdk8u112\7884\hotspot\src\share\vm\prims\jni.cpp, line 709]

Events (10 events):
Event: 3.101 loading class java/nio/file/NoSuchFileException
Event: 3.101 loading class java/nio/file/FileSystemException
Event: 3.101 loading class java/nio/file/FileSystemException done
Event: 3.101 loading class java/nio/file/NoSuchFileException done
Event: 3.107 loading class org/lwjgl/opengl/GL$1
Event: 3.107 loading class org/lwjgl/opengl/GL$1 done
Event: 3.108 loading class org/lwjgl/opengl/GL$SharedLibraryGL
Event: 3.108 loading class org/lwjgl/opengl/GL$SharedLibraryGL done
Event: 3.109 loading class org/lwjgl/system/SharedLibrary$Delegate
Event: 3.109 loading class org/lwjgl/system/SharedLibrary$Delegate done


Dynamic libraries:
0x000000013f990000 - 0x000000013f9c7000 	C:\Users\macdonaldz\eclipse\java-neon\eclipse\jre\bin\javaw.exe
0x00000000770f0000 - 0x0000000077299000 	C:\WINDOWS\SYSTEM32\ntdll.dll
0x0000000076fd0000 - 0x00000000770ef000 	C:\WINDOWS\system32\kernel32.dll
0x000007fefcff0000 - 0x000007fefd05c000 	C:\WINDOWS\system32\KERNELBASE.dll
0x000007fefd6d0000 - 0x000007fefd7ab000 	C:\WINDOWS\system32\ADVAPI32.dll
0x000007fefd7c0000 - 0x000007fefd85f000 	C:\WINDOWS\system32\msvcrt.dll
0x000007fefd350000 - 0x000007fefd36f000 	C:\WINDOWS\SYSTEM32\sechost.dll
0x000007fefd520000 - 0x000007fefd64d000 	C:\WINDOWS\system32\RPCRT4.dll
0x0000000076ed0000 - 0x0000000076fca000 	C:\WINDOWS\system32\USER32.dll
0x000007fefd3a0000 - 0x000007fefd407000 	C:\WINDOWS\system32\GDI32.dll
0x000007fefdb50000 - 0x000007fefdb5e000 	C:\WINDOWS\system32\LPK.dll
0x000007fefde10000 - 0x000007fefded9000 	C:\WINDOWS\system32\USP10.dll
0x000007fefb970000 - 0x000007fefbb64000 	C:\WINDOWS\WinSxS\amd64_microsoft.windows.common-controls_6595b64144ccf1df_6.0.7601.17514_none_fa396087175ac9ac\COMCTL32.dll
0x000007fefd650000 - 0x000007fefd6c1000 	C:\WINDOWS\system32\SHLWAPI.dll
0x000007fefd370000 - 0x000007fefd39e000 	C:\WINDOWS\system32\IMM32.DLL
0x000007fefd410000 - 0x000007fefd519000 	C:\WINDOWS\system32\MSCTF.dll
0x0000000074650000 - 0x0000000074689000 	C:\PROGRA~2\Sophos\SOPHOS~1\SOPHOS~2.DLL
0x00000000772c0000 - 0x00000000772c7000 	C:\WINDOWS\system32\PSAPI.DLL
0x0000000079370000 - 0x0000000079442000 	C:\Users\macdonaldz\eclipse\java-neon\eclipse\jre\bin\msvcr100.dll
0x00000000566b0000 - 0x0000000056f4a000 	C:\Users\macdonaldz\eclipse\java-neon\eclipse\jre\bin\server\jvm.dll
0x000007fef90b0000 - 0x000007fef90b9000 	C:\WINDOWS\system32\WSOCK32.dll
0x000007fefef90000 - 0x000007fefefdd000 	C:\WINDOWS\system32\WS2_32.dll
0x000007fefd7b0000 - 0x000007fefd7b8000 	C:\WINDOWS\system32\NSI.dll
0x000007fefaa70000 - 0x000007fefaaab000 	C:\WINDOWS\system32\WINMM.dll
0x000007fefc110000 - 0x000007fefc11c000 	C:\WINDOWS\system32\VERSION.dll
0x0000000074640000 - 0x000000007464f000 	C:\Users\macdonaldz\eclipse\java-neon\eclipse\jre\bin\verify.dll
0x00000000715d0000 - 0x00000000715f9000 	C:\Users\macdonaldz\eclipse\java-neon\eclipse\jre\bin\java.dll
0x0000000071580000 - 0x0000000071596000 	C:\Users\macdonaldz\eclipse\java-neon\eclipse\jre\bin\zip.dll
0x000007fefdee0000 - 0x000007fefec68000 	C:\WINDOWS\system32\SHELL32.dll
0x000007fefd940000 - 0x000007fefdb43000 	C:\WINDOWS\system32\ole32.dll
0x000007fefcf20000 - 0x000007fefcf2f000 	C:\WINDOWS\system32\profapi.dll
0x0000000071560000 - 0x000000007157a000 	C:\Users\macdonaldz\eclipse\java-neon\eclipse\jre\bin\net.dll
0x000007fefc120000 - 0x000007fefc150000 	C:\ProgramData\Sophos\Web Intelligence\swi_ifslsp_64.dll
0x000007fefc790000 - 0x000007fefc7e5000 	C:\WINDOWS\system32\mswsock.dll
0x000007fefc780000 - 0x000007fefc787000 	C:\WINDOWS\System32\wship6.dll
0x0000000071540000 - 0x0000000071551000 	C:\Users\macdonaldz\eclipse\java-neon\eclipse\jre\bin\nio.dll
0x000007fee7420000 - 0x000007fee7477000 	C:\Users\macdonaldz\AppData\Local\Temp\lwjglmacdonaldz\3.1.1-build-16\lwjgl.dll
0x000007fefa560000 - 0x000007fefa563000 	C:\WINDOWS\system32\api-ms-win-core-synch-l1-2-0.DLL
0x000007fefa4d0000 - 0x000007fefa50e000 	C:\Users\MACDON~1\AppData\Local\Temp\lwjglmacdonaldz\3.1.1-build-16\jemalloc.dll
0x000007fee9a40000 - 0x000007fee9a7c000 	C:\Users\MACDON~1\AppData\Local\Temp\lwjglmacdonaldz\3.1.1-build-16\glfw.dll
0x000007fefb8e0000 - 0x000007fefb936000 	C:\WINDOWS\system32\uxtheme.dll
0x000007fee76d0000 - 0x000007fee770c000 	C:\WINDOWS\system32\dinput8.dll
0x000007fefa3a0000 - 0x000007fefa3ac000 	C:\WINDOWS\system32\xinput9_1_0.dll
0x000007fefefe0000 - 0x000007feff1b7000 	C:\WINDOWS\system32\SETUPAPI.dll
0x000007fefd2e0000 - 0x000007fefd316000 	C:\WINDOWS\system32\CFGMGR32.dll
0x000007fefd860000 - 0x000007fefd937000 	C:\WINDOWS\system32\OLEAUT32.dll
0x000007fefd1d0000 - 0x000007fefd1ea000 	C:\WINDOWS\system32\DEVOBJ.dll
0x000007fefb260000 - 0x000007fefb278000 	C:\WINDOWS\system32\dwmapi.dll
0x000007fefb520000 - 0x000007fefb52b000 	C:\WINDOWS\system32\HID.DLL
0x000007fefd2a0000 - 0x000007fefd2da000 	C:\WINDOWS\system32\WINTRUST.dll
0x000007fefd060000 - 0x000007fefd1cc000 	C:\WINDOWS\system32\CRYPT32.dll
0x000007fefcfc0000 - 0x000007fefcfcf000 	C:\WINDOWS\system32\MSASN1.dll
0x000007fee9f40000 - 0x000007feea05d000 	C:\WINDOWS\system32\opengl32.dll
0x000007feea840000 - 0x000007feea86d000 	C:\WINDOWS\system32\GLU32.dll
0x000007fee9e40000 - 0x000007fee9f31000 	C:\WINDOWS\system32\DDRAW.dll
0x000007fef3ae0000 - 0x000007fef3ae8000 	C:\WINDOWS\system32\DCIMAN32.dll
0x0000000180000000 - 0x00000001806dc000 	C:\WINDOWS\system32\ig75icd64.dll
0x000007feed230000 - 0x000007feed664000 	C:\WINDOWS\system32\igdusc64.dll
0x000007fefce50000 - 0x000007fefce5f000 	C:\WINDOWS\system32\CRYPTBASE.dll
0x000007fee72c0000 - 0x000007fee731f000 	C:\Users\macdonaldz\AppData\Local\Temp\lwjglmacdonaldz\3.1.1-build-16\lwjgl_opengl.dll
0x000007fef4fa0000 - 0x000007fef50c5000 	C:\WINDOWS\system32\dbghelp.dll

VM Arguments:
jvm_args: -Dfile.encoding=Cp1252 
java_command: main.Game
java_class_path (initial): C:\Users\macdonaldz\Desktop\GitHub\SchoolGame\SchoolGame\bin;C:\Users\macdonaldz\Desktop\Programming\Libraries\LWJGL3\lwjgl.jar;C:\Users\macdonaldz\Desktop\Programming\Libraries\LWJGL3\lwjgl-assimp.jar;C:\Users\macdonaldz\Desktop\Programming\Libraries\LWJGL3\lwjgl-assimp-natives-windows.jar;C:\Users\macdonaldz\Desktop\Programming\Libraries\LWJGL3\lwjgl-bgfx.jar;C:\Users\macdonaldz\Desktop\Programming\Libraries\LWJGL3\lwjgl-bgfx-natives-windows.jar;C:\Users\macdonaldz\Desktop\Programming\Libraries\LWJGL3\lwjgl-egl.jar;C:\Users\macdonaldz\Desktop\Programming\Libraries\LWJGL3\lwjgl-glfw.jar;C:\Users\macdonaldz\Desktop\Programming\Libraries\LWJGL3\lwjgl-glfw-natives-windows.jar;C:\Users\macdonaldz\Desktop\Programming\Libraries\LWJGL3\lwjgl-jawt.jar;C:\Users\macdonaldz\Desktop\Programming\Libraries\LWJGL3\lwjgl-jemalloc.jar;C:\Users\macdonaldz\Desktop\Programming\Libraries\LWJGL3\lwjgl-jemalloc-natives-windows.jar;C:\Users\macdonaldz\Desktop\Programming\Libraries\LWJGL3\lwjgl-lmdb.jar;C:\Users\macdonaldz\Desktop\Programming\Libraries\LWJGL3\lwjgl-lmdb-natives-windows.jar;C:\Users\macdonaldz\Desktop\Programming\Libraries\LWJGL3\lwjgl-nanovg.jar;C:\Users\macdonaldz\Desktop\Programming\Libraries\LWJGL3\lwjgl-nanovg-natives-windows.jar;C:\Users\macdonaldz\Desktop\Programming\Libraries\LWJGL3\lwjgl-natives-windows.jar;C:\Users\macdonaldz\Desktop\Programming\Libraries\LWJGL3\lwjgl-nfd.jar;C:\Users\macdonaldz\Desktop\Programming\Libraries\LWJGL3\lwjgl-nfd-natives-windows.jar;C:\Users\macdonaldz\Desktop\Programming\Libraries\LWJGL3\lwjgl-nuklear.jar;C:\Users\macdonaldz\Desktop\Programming\Libraries\LWJGL3\lwjgl-nuklear-natives-windows.jar;C:\Users\macdonaldz\Desktop\Programming\Libraries\LWJGL3\lwjgl-openal.jar;C:\Users\macdonaldz\Desktop\Programming\Libraries\LWJGL3\lwjgl-openal-natives-windows.jar;C:\Users\macdonaldz\Desktop\Programming\Libraries\LWJGL3\lwjgl-opencl.jar;C:\Users\macdonaldz\Desktop\Programming\Libraries\LWJGL3\lwjgl-opengl.jar;C:\Us
Launcher Type: SUN_STANDARD

Environment Variables:
PATH=C:/Users/macdonaldz/eclipse/java-neon/eclipse/jre/bin/server;C:/Users/macdonaldz/eclipse/java-neon/eclipse/jre/bin;C:/Users/macdonaldz/eclipse/java-neon/eclipse/jre/lib/amd64;C:\Users\macdonaldz\AppData\Local\Programs\Python\Python35-32;C:\Users\macdonaldz\AppData\Local\Programs\Python\Python35-32\Scripts;C:\Users\macdonaldz\AppData\Local\atom\bin;C:\WINDOWS\system32;
USERNAME=macdonaldz
OS=Windows_NT
PROCESSOR_IDENTIFIER=Intel64 Family 6 Model 69 Stepping 1, GenuineIntel



---------------  S Y S T E M  ---------------

OS: Windows 7 , 64 bit Build 7601 (6.1.7601.18409)

CPU:total 4 (2 cores per cpu, 2 threads per core) family 6 model 69 stepping 1, cmov, cx8, fxsr, mmx, sse, sse2, sse3, ssse3, sse4.1, sse4.2, popcnt, avx, avx2, aes, clmul, erms, lzcnt, ht, tsc, tscinvbit, bmi1, bmi2

Memory: 4k page, physical 4113884k(804548k free), swap 8225904k(2933616k free)

vm_info: Java HotSpot(TM) 64-Bit Server VM (25.112-b15) for windows-amd64 JRE (1.8.0_112-b15), built on Sep 22 2016 21:31:56 by "java_re" with MS VC++ 10.0 (VS2010)

time: Thu Mar 09 14:03:02 2017
elapsed time: 3 seconds (0d 0h 0m 3s)

