#
# A fatal error has been detected by the Java Runtime Environment:
#
#  EXCEPTION_ACCESS_VIOLATION (0xc0000005) at pc=0x000000006a0e288c, pid=18924, tid=12488
#
# JRE version: Java(TM) SE Runtime Environment (8.0_40-b25) (build 1.8.0_40-b25)
# Java VM: Java HotSpot(TM) 64-Bit Server VM (25.40-b25 mixed mode windows-amd64 compressed oops)
# Problematic frame:
# C  [nvoglv64.DLL+0x15c288c]
#
# Failed to write core dump. Minidumps are not enabled by default on client versions of Windows
#
# If you would like to submit a bug report, please visit:
#   http://bugreport.java.com/bugreport/crash.jsp
# The crash happened outside the Java Virtual Machine in native code.
# See problematic frame for where to report the bug.
#

---------------  T H R E A D  ---------------

Current thread (0x0000000003cb2800):  JavaThread "main" [_thread_in_native, id=12488, stack(0x0000000003bb0000,0x0000000003cb0000)]

siginfo: ExceptionCode=0xc0000005, reading address 0x0000000000000000

Registers:
RAX=0x000000006a0e288c, RBX=0x00000000204d48a8, RCX=0x0000000024feea88, RDX=0x0000000000000000
RSP=0x0000000003caf4a8, RBP=0x0000000000000001, RSI=0x0000000000000001, RDI=0x0000000024feea88
R8 =0x000000000000000c, R9 =0x0000000068b20000, R10=0x0000000024feea88, R11=0x0000000024feea88
R12=0x0000000000000000, R13=0x0000000068b20000, R14=0x0000000000000001, R15=0x00000000204d4828
RIP=0x000000006a0e288c, EFLAGS=0x0000000000010202

Top of Stack: (sp=0x0000000003caf4a8)
0x0000000003caf4a8:   00000000695e392c 000000001cee7fa8
0x0000000003caf4b8:   0000000003caf5f8 0000000003cb2c50
0x0000000003caf4c8:   00000000694845db 0000000000000001
0x0000000003caf4d8:   0000000000000000 0000000000000000
0x0000000003caf4e8:   000000000000e10b 00000000204d4828
0x0000000003caf4f8:   00000000695e46de 00000000204d4080
0x0000000003caf508:   0000000000000001 0000000000000004
0x0000000003caf518:   0000000003dc5cc6 0000000003cb2800
0x0000000003caf528:   0000000003caf5f8 000000001cee7fa8
0x0000000003caf538:   0000000000000000 0000000003db7ced
0x0000000003caf548:   0000000003dc5e34 000000001cee7fa8
0x0000000003caf558:   0000000003caf5c8 0000000000000108
0x0000000003caf568:   000000001cee7fa8 0000000000000001
0x0000000003caf578:   0000000003cb2800 0000000003dc5b62
0x0000000003caf588:   0000000003caf588 000000001cee7fa8
0x0000000003caf598:   0000000003caf5f8 000000001cf10028 

Instructions: (pc=0x000000006a0e288c)
0x000000006a0e286c:   8b c3 c3 48 0f b6 02 48 0f b7 4a 01 48 8b 52 03
0x000000006a0e287c:   41 88 02 66 41 89 4a 01 49 89 52 03 49 8b c3 c3
0x000000006a0e288c:   8b 02 48 8b 4a 04 41 89 02 49 89 4a 04 49 8b c3
0x000000006a0e289c:   c3 48 0f b6 02 8b 4a 01 48 8b 52 05 41 88 02 41 


Register to memory mapping:

RAX=0x000000006a0e288c is an unknown value
RBX=0x00000000204d48a8 is an unknown value
RCX=0x0000000024feea88 is an unknown value
RDX=0x0000000000000000 is an unknown value
RSP=0x0000000003caf4a8 is pointing into the stack for thread: 0x0000000003cb2800
RBP=0x0000000000000001 is an unknown value
RSI=0x0000000000000001 is an unknown value
RDI=0x0000000024feea88 is an unknown value
R8 =0x000000000000000c is an unknown value
R9 =0x0000000068b20000 is an unknown value
R10=0x0000000024feea88 is an unknown value
R11=0x0000000024feea88 is an unknown value
R12=0x0000000000000000 is an unknown value
R13=0x0000000068b20000 is an unknown value
R14=0x0000000000000001 is an unknown value
R15=0x00000000204d4828 is an unknown value


Stack: [0x0000000003bb0000,0x0000000003cb0000],  sp=0x0000000003caf4a8,  free space=1021k
Native frames: (J=compiled Java code, j=interpreted, Vv=VM code, C=native code)
C  [nvoglv64.DLL+0x15c288c]
C  [nvoglv64.DLL+0xac392c]
C  [nvoglv64.DLL+0xac46de]
C  0x0000000003dc5e34

Java frames: (J=compiled Java code, j=interpreted, Vv=VM code)
j  org.lwjgl.opengl.GL11.nglDrawArrays(III)V+0
j  org.lwjgl.opengl.GL11.glDrawArrays(III)V+3
j  main.Model.render()V+29
j  main.Game.loop()V+77
j  main.Game.<init>()V+9
j  main.Game.main([Ljava/lang/String;)V+3
v  ~StubRoutines::call_stub

---------------  P R O C E S S  ---------------

Java Threads: ( => current thread )
  0x000000001ec12000 JavaThread "Service Thread" daemon [_thread_blocked, id=18476, stack(0x000000001efe0000,0x000000001f0e0000)]
  0x000000001d38c800 JavaThread "C1 CompilerThread2" daemon [_thread_blocked, id=12940, stack(0x000000001eae0000,0x000000001ebe0000)]
  0x000000001d389000 JavaThread "C2 CompilerThread1" daemon [_thread_blocked, id=5808, stack(0x000000001e9e0000,0x000000001eae0000)]
  0x000000001d380800 JavaThread "C2 CompilerThread0" daemon [_thread_blocked, id=16512, stack(0x000000001e8e0000,0x000000001e9e0000)]
  0x000000001d37f000 JavaThread "Attach Listener" daemon [_thread_blocked, id=7252, stack(0x000000001e7e0000,0x000000001e8e0000)]
  0x000000001d37d800 JavaThread "Signal Dispatcher" daemon [_thread_blocked, id=15992, stack(0x000000001e6e0000,0x000000001e7e0000)]
  0x0000000003da8800 JavaThread "Finalizer" daemon [_thread_blocked, id=19060, stack(0x000000001e5e0000,0x000000001e6e0000)]
  0x0000000003d9f000 JavaThread "Reference Handler" daemon [_thread_blocked, id=17012, stack(0x000000001e4e0000,0x000000001e5e0000)]
=>0x0000000003cb2800 JavaThread "main" [_thread_in_native, id=12488, stack(0x0000000003bb0000,0x0000000003cb0000)]

Other Threads:
  0x000000001d347800 VMThread [stack: 0x000000001e3e0000,0x000000001e4e0000] [id=15968]
  0x000000001ec1d000 WatcherThread [stack: 0x000000001f0e0000,0x000000001f1e0000] [id=9524]

VM state:not at safepoint (normal execution)

VM Mutex/Monitor currently owned by a thread: None

Heap:
 PSYoungGen      total 76288K, used 17051K [0x000000076b400000, 0x0000000770900000, 0x00000007c0000000)
  eden space 65536K, 26% used [0x000000076b400000,0x000000076c4a6c80,0x000000076f400000)
  from space 10752K, 0% used [0x000000076fe80000,0x000000076fe80000,0x0000000770900000)
  to   space 10752K, 0% used [0x000000076f400000,0x000000076f400000,0x000000076fe80000)
 ParOldGen       total 175104K, used 0K [0x00000006c1c00000, 0x00000006cc700000, 0x000000076b400000)
  object space 175104K, 0% used [0x00000006c1c00000,0x00000006c1c00000,0x00000006cc700000)
 Metaspace       used 8436K, capacity 8611K, committed 8832K, reserved 1056768K
  class space    used 707K, capacity 771K, committed 896K, reserved 1048576K

Card table byte_map: [0x0000000013170000,0x0000000013970000] byte_map_base: 0x000000000fb62000

Marking Bits: (ParMarkBitMap*) 0x000000006b784040
 Begin Bits: [0x00000000142c0000, 0x0000000018250000)
 End Bits:   [0x0000000018250000, 0x000000001c1e0000)

Polling page: 0x0000000000fe0000

CodeCache: size=245760Kb used=2733Kb max_used=2733Kb free=243027Kb
 bounds [0x0000000003db0000, 0x0000000004060000, 0x0000000012db0000]
 total_blobs=1445 nmethods=632 adapters=726
 compilation: enabled

Compilation events (10 events):
Event: 1.885 Thread 0x000000001d38c800  622       3       sun.reflect.UnsafeQualifiedLongFieldAccessorImpl::<init> (7 bytes)
Event: 1.885 Thread 0x000000001d38c800 nmethod 622 0x000000000405a950 code [0x000000000405aac0, 0x000000000405acc8]
Event: 1.885 Thread 0x000000001d38c800  623       3       sun.reflect.UnsafeQualifiedFieldAccessorImpl::<init> (11 bytes)
Event: 1.885 Thread 0x000000001d38c800 nmethod 623 0x000000000405ad90 code [0x000000000405af00, 0x000000000405b0a8]
Event: 1.885 Thread 0x000000001d38c800  628       3       org.lwjgl.system.CustomBuffer::checkIndex (22 bytes)
Event: 1.885 Thread 0x000000001d38c800 nmethod 628 0x000000000405b150 code [0x000000000405b2c0, 0x000000000405b548]
Event: 1.885 Thread 0x000000001d38c800  629       3       org.lwjgl.system.MemoryUtil::memPutAddress (11 bytes)
Event: 1.885 Thread 0x000000001d38c800 nmethod 629 0x000000000405b650 code [0x000000000405b7c0, 0x000000000405ba28]
Event: 1.885 Thread 0x000000001d38c800  630       3       org.lwjgl.system.MemoryAccess$MemoryAccessorUnsafe::memPutAddress (9 bytes)
Event: 1.885 Thread 0x000000001d38c800 nmethod 630 0x000000000405bb10 code [0x000000000405bc80, 0x000000000405be88]

GC Heap History (0 events):
No events

Deoptimization events (0 events):
No events

Internal exceptions (10 events):
Event: 0.116 Thread 0x0000000003cb2800 Exception <a 'java/security/PrivilegedActionException'> (0x000000076b81e360) thrown at [D:\re\workspace\8-2-build-windows-amd64-cygwin\jdk8u40\2855\hotspot\src\share\vm\prims\jvm.cpp, line 1382]
Event: 0.116 Thread 0x0000000003cb2800 Exception <a 'java/security/PrivilegedActionException'> (0x000000076b81e518) thrown at [D:\re\workspace\8-2-build-windows-amd64-cygwin\jdk8u40\2855\hotspot\src\share\vm\prims\jvm.cpp, line 1382]
Event: 0.152 Thread 0x0000000003cb2800 Exception <a 'java/lang/NoSuchFieldError': method resolution failed> (0x000000076b92b418) thrown at [D:\re\workspace\8-2-build-windows-amd64-cygwin\jdk8u40\2855\hotspot\src\share\vm\prims\methodHandles.cpp, line 1125]
Event: 0.154 Thread 0x0000000003cb2800 Exception <a 'java/lang/NoSuchFieldError': method resolution failed> (0x000000076b939e08) thrown at [D:\re\workspace\8-2-build-windows-amd64-cygwin\jdk8u40\2855\hotspot\src\share\vm\prims\methodHandles.cpp, line 1125]
Event: 1.388 Thread 0x0000000003cb2800 Exception <a 'sun/nio/fs/WindowsException'> (0x000000076bb94ca0) thrown at [D:\re\workspace\8-2-build-windows-amd64-cygwin\jdk8u40\2855\hotspot\src\share\vm\prims\jni.cpp, line 709]
Event: 1.389 Thread 0x0000000003cb2800 Exception <a 'sun/nio/fs/WindowsException'> (0x000000076bb95418) thrown at [D:\re\workspace\8-2-build-windows-amd64-cygwin\jdk8u40\2855\hotspot\src\share\vm\prims\jni.cpp, line 709]
Event: 1.390 Thread 0x0000000003cb2800 Exception <a 'sun/nio/fs/WindowsException'> (0x000000076bb985c0) thrown at [D:\re\workspace\8-2-build-windows-amd64-cygwin\jdk8u40\2855\hotspot\src\share\vm\prims\jni.cpp, line 709]
Event: 1.390 Thread 0x0000000003cb2800 Exception <a 'sun/nio/fs/WindowsException'> (0x000000076bb98a80) thrown at [D:\re\workspace\8-2-build-windows-amd64-cygwin\jdk8u40\2855\hotspot\src\share\vm\prims\jni.cpp, line 709]
Event: 1.390 Thread 0x0000000003cb2800 Exception <a 'sun/nio/fs/WindowsException'> (0x000000076bb99350) thrown at [D:\re\workspace\8-2-build-windows-amd64-cygwin\jdk8u40\2855\hotspot\src\share\vm\prims\jni.cpp, line 709]
Event: 1.390 Thread 0x0000000003cb2800 Exception <a 'sun/nio/fs/WindowsException'> (0x000000076bb99788) thrown at [D:\re\workspace\8-2-build-windows-amd64-cygwin\jdk8u40\2855\hotspot\src\share\vm\prims\jni.cpp, line 709]

Events (10 events):
Event: 1.878 loading class java/util/stream/ReferencePipeline$2$1
Event: 1.878 loading class java/util/stream/Sink$ChainedReference
Event: 1.878 loading class java/util/stream/Sink$ChainedReference done
Event: 1.878 loading class java/util/stream/ReferencePipeline$2$1 done
Event: 1.879 loading class sun/reflect/UnsafeQualifiedLongFieldAccessorImpl
Event: 1.880 loading class sun/reflect/UnsafeQualifiedFieldAccessorImpl
Event: 1.880 loading class sun/reflect/UnsafeQualifiedFieldAccessorImpl done
Event: 1.880 loading class sun/reflect/UnsafeQualifiedLongFieldAccessorImpl done
Event: 1.897 loading class main/Model
Event: 1.897 loading class main/Model done


Dynamic libraries:
0x00007ff6ed4f0000 - 0x00007ff6ed527000 	D:\Program Files\Java\jre1.8.0_40\bin\javaw.exe
0x00007ffe7bb20000 - 0x00007ffe7bcf1000 	C:\WINDOWS\SYSTEM32\ntdll.dll
0x00007ffe7ac40000 - 0x00007ffe7aceb000 	C:\WINDOWS\System32\KERNEL32.DLL
0x00007ffe77ff0000 - 0x00007ffe7820d000 	C:\WINDOWS\System32\KERNELBASE.dll
0x00007ffe7b720000 - 0x00007ffe7b7c2000 	C:\WINDOWS\System32\ADVAPI32.dll
0x00007ffe79640000 - 0x00007ffe796de000 	C:\WINDOWS\System32\msvcrt.dll
0x00007ffe7ad80000 - 0x00007ffe7add9000 	C:\WINDOWS\System32\sechost.dll
0x00007ffe7b9f0000 - 0x00007ffe7bb11000 	C:\WINDOWS\System32\RPCRT4.dll
0x00007ffe79090000 - 0x00007ffe791f5000 	C:\WINDOWS\System32\USER32.dll
0x00007ffe782c0000 - 0x00007ffe782de000 	C:\WINDOWS\System32\win32u.dll
0x00007ffe79300000 - 0x00007ffe79334000 	C:\WINDOWS\System32\GDI32.dll
0x00007ffe78d50000 - 0x00007ffe78ed2000 	C:\WINDOWS\System32\gdi32full.dll
0x00007ffe6c380000 - 0x00007ffe6c5f9000 	C:\WINDOWS\WinSxS\amd64_microsoft.windows.common-controls_6595b64144ccf1df_6.0.14393.447_none_42191651c6827bb3\COMCTL32.dll
0x00007ffe7ade0000 - 0x00007ffe7b0a8000 	C:\WINDOWS\System32\combase.dll
0x00007ffe78ee0000 - 0x00007ffe78fd5000 	C:\WINDOWS\System32\ucrtbase.dll
0x00007ffe78ce0000 - 0x00007ffe78d4a000 	C:\WINDOWS\System32\bcryptPrimitives.dll
0x00007ffe7ac10000 - 0x00007ffe7ac3e000 	C:\WINDOWS\System32\IMM32.DLL
0x00007ffe60520000 - 0x00007ffe60692000 	D:\Steam\gameoverlayrenderer64.dll
0x00007ffe79350000 - 0x00007ffe79487000 	C:\WINDOWS\System32\ole32.dll
0x00007ffe79340000 - 0x00007ffe79348000 	C:\WINDOWS\System32\PSAPI.DLL
0x00007ffe76310000 - 0x00007ffe76333000 	C:\WINDOWS\SYSTEM32\WINMM.dll
0x00007ffe762b0000 - 0x00007ffe762db000 	C:\WINDOWS\SYSTEM32\WINMMBASE.dll
0x00007ffe78340000 - 0x00007ffe78382000 	C:\WINDOWS\System32\cfgmgr32.dll
0x000000006b810000 - 0x000000006b8e2000 	D:\Program Files\Java\jre1.8.0_40\bin\msvcr100.dll
0x000000006af80000 - 0x000000006b803000 	D:\Program Files\Java\jre1.8.0_40\bin\server\jvm.dll
0x00007ffe6e810000 - 0x00007ffe6e819000 	C:\WINDOWS\SYSTEM32\WSOCK32.dll
0x00007ffe72a60000 - 0x00007ffe72a6a000 	C:\WINDOWS\SYSTEM32\VERSION.dll
0x00007ffe7b6b0000 - 0x00007ffe7b71a000 	C:\WINDOWS\System32\WS2_32.dll
0x000000006af70000 - 0x000000006af7f000 	D:\Program Files\Java\jre1.8.0_40\bin\verify.dll
0x000000006af40000 - 0x000000006af69000 	D:\Program Files\Java\jre1.8.0_40\bin\java.dll
0x000000006af20000 - 0x000000006af36000 	D:\Program Files\Java\jre1.8.0_40\bin\zip.dll
0x00007ffe79700000 - 0x00007ffe7ac09000 	C:\WINDOWS\System32\SHELL32.dll
0x00007ffe78600000 - 0x00007ffe78cda000 	C:\WINDOWS\System32\windows.storage.dll
0x00007ffe77f90000 - 0x00007ffe77fdc000 	C:\WINDOWS\System32\powrprof.dll
0x00007ffe7b220000 - 0x00007ffe7b272000 	C:\WINDOWS\System32\shlwapi.dll
0x00007ffe77fe0000 - 0x00007ffe77fef000 	C:\WINDOWS\System32\kernel.appcore.dll
0x00007ffe78210000 - 0x00007ffe782b9000 	C:\WINDOWS\System32\shcore.dll
0x0000000003a10000 - 0x0000000003a24000 	C:\WINDOWS\System32\profapi.dll
0x000000006ad10000 - 0x000000006ad2a000 	D:\Program Files\Java\jre1.8.0_40\bin\net.dll
0x00007ffe77830000 - 0x00007ffe7788c000 	C:\WINDOWS\system32\mswsock.dll
0x000000006acf0000 - 0x000000006ad01000 	D:\Program Files\Java\jre1.8.0_40\bin\nio.dll
0x00007ffe60720000 - 0x00007ffe60777000 	C:\Users\Zack\AppData\Local\Temp\lwjglZack\3.1.1-build-16\lwjgl.dll
0x00007ffe779f0000 - 0x00007ffe779fb000 	C:\WINDOWS\SYSTEM32\CRYPTBASE.DLL
0x00007ffe604e0000 - 0x00007ffe6051c000 	C:\Users\Zack\AppData\Local\Temp\lwjglZack\3.1.1-build-16\glfw.dll
0x00007ffe766b0000 - 0x00007ffe76745000 	C:\WINDOWS\system32\uxtheme.dll
0x00007ffe604a0000 - 0x00007ffe604e0000 	C:\WINDOWS\SYSTEM32\dinput8.dll
0x00007ffe62200000 - 0x00007ffe6220e000 	C:\WINDOWS\SYSTEM32\xinput1_4.dll
0x00007ffe76b80000 - 0x00007ffe76ba8000 	C:\WINDOWS\SYSTEM32\DEVOBJ.dll
0x00007ffe75dc0000 - 0x00007ffe75de6000 	C:\WINDOWS\SYSTEM32\dwmapi.dll
0x00007ffe76e50000 - 0x00007ffe76e5c000 	C:\WINDOWS\SYSTEM32\HID.DLL
0x00007ffe7b280000 - 0x00007ffe7b6a9000 	C:\WINDOWS\System32\SETUPAPI.DLL
0x00007ffe782e0000 - 0x00007ffe78335000 	C:\WINDOWS\System32\WINTRUST.dll
0x00007ffe77f60000 - 0x00007ffe77f70000 	C:\WINDOWS\System32\MSASN1.dll
0x00007ffe78430000 - 0x00007ffe785f9000 	C:\WINDOWS\System32\CRYPT32.dll
0x00007ffe7b0b0000 - 0x00007ffe7b20b000 	C:\WINDOWS\System32\MSCTF.dll
0x00007ffe7b7d0000 - 0x00007ffe7b88f000 	C:\WINDOWS\System32\OLEAUT32.dll
0x00007ffe78390000 - 0x00007ffe7842c000 	C:\WINDOWS\System32\msvcp_win.dll
0x00007ffe57ce0000 - 0x00007ffe57e03000 	C:\WINDOWS\SYSTEM32\opengl32.dll
0x00007ffe5eb50000 - 0x00007ffe5eb7d000 	C:\WINDOWS\SYSTEM32\GLU32.dll
0x00007ffe581b0000 - 0x00007ffe582a7000 	C:\WINDOWS\SYSTEM32\DDRAW.dll
0x00007ffe64300000 - 0x00007ffe64308000 	C:\WINDOWS\SYSTEM32\DCIMAN32.dll
0x0000000068b20000 - 0x000000006ac70000 	C:\WINDOWS\SYSTEM32\nvoglv64.DLL
0x00007ffe75be0000 - 0x00007ffe75bf3000 	C:\WINDOWS\SYSTEM32\WTSAPI32.dll
0x00007ffe77310000 - 0x00007ffe77342000 	C:\WINDOWS\SYSTEM32\ntmarta.dll
0x00007ffe77e40000 - 0x00007ffe77e96000 	C:\WINDOWS\SYSTEM32\WINSTA.dll
0x00007ffe79260000 - 0x00007ffe792ff000 	C:\WINDOWS\System32\clbcatq.dll
0x00007ffe712a0000 - 0x00007ffe71311000 	C:\WINDOWS\System32\MMDevApi.dll
0x00007ffe75c00000 - 0x00007ffe75d85000 	C:\WINDOWS\System32\PROPSYS.dll
0x00007ffe6f1c0000 - 0x00007ffe6f254000 	C:\WINDOWS\SYSTEM32\AUDIOSES.DLL
0x00007ffe74ca0000 - 0x00007ffe74dd6000 	C:\WINDOWS\SYSTEM32\wintypes.dll
0x00007ffe60460000 - 0x00007ffe6049e000 	C:\Users\Zack\AppData\Local\Temp\lwjglZack\3.1.1-build-16\jemalloc.dll
0x00007ffe5ff40000 - 0x00007ffe5ff9f000 	C:\Users\Zack\AppData\Local\Temp\lwjglZack\3.1.1-build-16\lwjgl_opengl.dll
0x00007ffe6d320000 - 0x00007ffe6d4b2000 	C:\WINDOWS\SYSTEM32\dbghelp.dll

VM Arguments:
jvm_args: -Dfile.encoding=Cp1252 
java_command: main.Game
java_class_path (initial): D:\Programming\GitHub Workspace\SchoolGame\SchoolGame\bin;D:\Programming\Libraries\LWJGL3\lwjgl.jar;D:\Programming\Libraries\LWJGL3\lwjgl-assimp.jar;D:\Programming\Libraries\LWJGL3\lwjgl-assimp-natives-windows.jar;D:\Programming\Libraries\LWJGL3\lwjgl-bgfx.jar;D:\Programming\Libraries\LWJGL3\lwjgl-bgfx-natives-windows.jar;D:\Programming\Libraries\LWJGL3\lwjgl-egl.jar;D:\Programming\Libraries\LWJGL3\lwjgl-glfw.jar;D:\Programming\Libraries\LWJGL3\lwjgl-glfw-natives-windows.jar;D:\Programming\Libraries\LWJGL3\lwjgl-jawt.jar;D:\Programming\Libraries\LWJGL3\lwjgl-jemalloc.jar;D:\Programming\Libraries\LWJGL3\lwjgl-jemalloc-natives-windows.jar;D:\Programming\Libraries\LWJGL3\lwjgl-lmdb.jar;D:\Programming\Libraries\LWJGL3\lwjgl-lmdb-natives-windows.jar;D:\Programming\Libraries\LWJGL3\lwjgl-nanovg.jar;D:\Programming\Libraries\LWJGL3\lwjgl-nanovg-natives-windows.jar;D:\Programming\Libraries\LWJGL3\lwjgl-natives-windows.jar;D:\Programming\Libraries\LWJGL3\lwjgl-nfd.jar;D:\Programming\Libraries\LWJGL3\lwjgl-nfd-natives-windows.jar;D:\Programming\Libraries\LWJGL3\lwjgl-nuklear.jar;D:\Programming\Libraries\LWJGL3\lwjgl-nuklear-natives-windows.jar;D:\Programming\Libraries\LWJGL3\lwjgl-openal.jar;D:\Programming\Libraries\LWJGL3\lwjgl-openal-natives-windows.jar;D:\Programming\Libraries\LWJGL3\lwjgl-opencl.jar;D:\Programming\Libraries\LWJGL3\lwjgl-opengl.jar;D:\Programming\Libraries\LWJGL3\lwjgl-opengles.jar;D:\Programming\Libraries\LWJGL3\lwjgl-opengles-natives-windows.jar;D:\Programming\Libraries\LWJGL3\lwjgl-opengl-natives-windows.jar;D:\Programming\Libraries\LWJGL3\lwjgl-ovr.jar;D:\Programming\Libraries\LWJGL3\lwjgl-ovr-natives-windows.jar;D:\Programming\Libraries\LWJGL3\lwjgl-par.jar;D:\Programming\Libraries\LWJGL3\lwjgl-par-natives-windows.jar;D:\Programming\Libraries\LWJGL3\lwjgl-sse.jar;D:\Programming\Libraries\LWJGL3\lwjgl-sse-natives-windows.jar;D:\Programming\Libraries\LWJGL3\lwjgl-stb.jar;D:\Programming\Libraries\LWJGL3\lwjgl-stb-natives-windo
Launcher Type: SUN_STANDARD

Environment Variables:
CLASSPATH=.;C:\Program Files (x86)\QuickTime\QTSystem\QTJava.zip
PATH=D:/Program Files/Java/jre1.8.0_40/bin/server;D:/Program Files/Java/jre1.8.0_40/bin;D:/Program Files/Java/jre1.8.0_40/lib/amd64;d:\Steam;D:\Program Files (x86)\Python35-32\Scripts\;D:\Program Files (x86)\Python35-32\;C:\Program Files\Common Files\Microsoft Shared\Windows Live;C:\Program Files (x86)\Common Files\Microsoft Shared\Windows Live;C:\ProgramData\Oracle\Java\javapath;C:\Program Files (x86)\Intel\iCLS Client\;C:\Program Files\Intel\iCLS Client\;C:\Windows\system32;C:\Windows;C:\Windows\System32\Wbem;C:\Windows\System32\WindowsPowerShell\v1.0\;C:\Program Files\Intel\Intel(R) Management Engine Components\DAL;C:\Program Files (x86)\Intel\Intel(R) Management Engine Components\DAL;C:\Program Files\Intel\Intel(R) Management Engine Components\IPT;C:\Program Files (x86)\Intel\Intel(R) Management Engine Components\IPT;C:\Program Files (x86)\QuickTime\QTSystem\;C:\Program Files (x86)\Windows Live\Shared;C:\Program Files (x86)\NVIDIA Corporation\PhysX\Common;C:\Program Files (x86)\Skype\Phone\;D:\Program Files\CMake\bin;C:\WINDOWS\system32;C:\WINDOWS;C:\WINDOWS\System32\Wbem;C:\WINDOWS\System32\WindowsPowerShell\v1.0\;C:\Program Files\Microsoft SQL Server\110\Tools\Binn\;C:\Program Files\Microsoft SQL Server\120\Tools\Binn\;C:\Program Files\Common Files\Autodesk Shared\;C:\Program Files (x86)\Autodesk\Backburner\;C:\Users\Zack\AppData\Local\GitHub\PortableGit_d7effa1a4a322478cd29c826b52a0c118ad3db11\bin\;C:\Users\Zack\AppData\Local\GitHub\PortableGit_d7effa1a4a322478cd29c826b52a0c118ad3db11\cmd;C:\Program Files\Microsoft SQL Server\130\Tools\Binn\;C:\Program Files (x86)\nodejs\;C:\Program Files (x86)\Windows Kits\10\Windows Performance Toolkit\;C:\WINDOWS\system32\config\systemprofile\.dnx\bin;C:\Program Files\Microsoft DNX\Dnvm\;C:\Program Files (x86)\Microsoft Emulator Manager\1.0\;C:\Users\Zack\AppData\Local\Microsoft\WindowsApps;C:\Users\Zack\AppData\Local\atom\bin;C:\Users\Zack\AppData\Roaming\npm;D:\Programming\IDE's\eclipse;
USERNAME=Zack
OS=Windows_NT
PROCESSOR_IDENTIFIER=Intel64 Family 6 Model 60 Stepping 3, GenuineIntel



---------------  S Y S T E M  ---------------

OS: Windows 10.0 , 64 bit Build 14393 (10.0.14393.0)

CPU:total 4 (4 cores per cpu, 1 threads per core) family 6 model 60 stepping 3, cmov, cx8, fxsr, mmx, sse, sse2, sse3, ssse3, sse4.1, sse4.2, popcnt, avx, avx2, aes, clmul, erms, lzcnt, tsc, tscinvbit, bmi1, bmi2

Memory: 4k page, physical 16659172k(9432636k free), swap 50213604k(40456888k free)

vm_info: Java HotSpot(TM) 64-Bit Server VM (25.40-b25) for windows-amd64 JRE (1.8.0_40-b25), built on Feb 10 2015 21:53:57 by "java_re" with MS VC++ 10.0 (VS2010)

time: Mon Mar 06 16:43:10 2017
elapsed time: 1 seconds (0d 0h 0m 1s)

