#
# A fatal error has been detected by the Java Runtime Environment:
#
#  EXCEPTION_ACCESS_VIOLATION (0xc0000005) at pc=0x000007fee6d82347, pid=2108, tid=0x0000000000000ee8
#
# JRE version: Java(TM) SE Runtime Environment (8.0_112-b15) (build 1.8.0_112-b15)
# Java VM: Java HotSpot(TM) 64-Bit Server VM (25.112-b15 mixed mode windows-amd64 compressed oops)
# Problematic frame:
# C  [lwjgl_opengl.dll+0x12347]
#
# Failed to write core dump. Minidumps are not enabled by default on client versions of Windows
#
# If you would like to submit a bug report, please visit:
#   http://bugreport.java.com/bugreport/crash.jsp
# The crash happened outside the Java Virtual Machine in native code.
# See problematic frame for where to report the bug.
#

---------------  T H R E A D  ---------------

Current thread (0x00000000024df800):  JavaThread "main" [_thread_in_native, id=3816, stack(0x0000000002820000,0x0000000002920000)]

siginfo: ExceptionCode=0xc0000005, reading address 0x0000000000000850

Registers:
RAX=0x0000000056e4ed50, RBX=0x0000000054edd610, RCX=0x0000000000000000, RDX=0x000000000291f578
RSP=0x000000000291f4f8, RBP=0x000000000291f568, RSI=0x0000000000200021, RDI=0x0000000002bf8331
R8 =0x0000000000000004, R9 =0x00000000024d8360, R10=0x0000000002c07f28, R11=0x00000000568db530
R12=0x0000000000000000, R13=0x0000000054edd610, R14=0x000000000291f580, R15=0x00000000024df800
RIP=0x000007fee6d82347, EFLAGS=0x0000000000010202

Top of Stack: (sp=0x000000000291f4f8)
0x000000000291f4f8:   0000000002c07f54 00000000024df800
0x000000000291f508:   0000000054edd610 0000000000200021
0x000000000291f518:   00000000024df800 0000000002c07c82
0x000000000291f528:   000000000291f528 0000000054edd610
0x000000000291f538:   000000000291f580 0000000054eea990
0x000000000291f548:   0000000000000000 0000000054edd610
0x000000000291f558:   0000000000000000 000000000291f588
0x000000000291f568:   000000000291f5c8 0000000002bf7d80
0x000000000291f578:   00000000eb6f6ec8 0000000002c019b6
0x000000000291f588:   000000000291f588 0000000054edd6a8
0x000000000291f598:   000000000291f5d0 0000000054eea990
0x000000000291f5a8:   0000000000000000 0000000054edd6b8
0x000000000291f5b8:   000000000291f588 000000000291f5d8
0x000000000291f5c8:   000000000291f620 0000000002bf7d80
0x000000000291f5d8:   00000000eb6a4380 000000000291f5e0
0x000000000291f5e8:   0000000054ed91dd 000000000291f638 

Instructions: (pc=0x000007fee6d82347)
0x000007fee6d82327:   8b 44 24 28 41 8b d1 41 8b cb 4c 8b 50 18 49 ff
0x000007fee6d82337:   a2 58 15 00 00 cc cc cc cc 48 8b 01 48 8b 48 18
0x000007fee6d82347:   48 8b 81 50 08 00 00 48 ff e0 cc cc cc cc cc cc
0x000007fee6d82357:   cc cc cc cc cc cc cc cc cc 48 8b 01 41 8b c8 48 


Register to memory mapping:

RAX=0x0000000056e4ed50 is an unknown value
RBX={method} {0x0000000054edd618} 'nglCreateProgram' '()I' in 'org/lwjgl/opengl/GL20'
RCX=0x0000000000000000 is an unknown value
RDX=0x000000000291f578 is pointing into the stack for thread: 0x00000000024df800
RSP=0x000000000291f4f8 is pointing into the stack for thread: 0x00000000024df800
RBP=0x000000000291f568 is pointing into the stack for thread: 0x00000000024df800
RSI=0x0000000000200021 is an unknown value
RDI=0x0000000002bf8331 is at code_begin+2289 in an Interpreter codelet
invoke return entry points  [0x0000000002bf7a40, 0x0000000002bf8420]  2528 bytes
R8 =0x0000000000000004 is an unknown value
R9 =0x00000000024d8360 is an unknown value
R10=0x0000000002c07f28 is at code_begin+840 in an Interpreter codelet
method entry point (kind = native)  [0x0000000002c07be0, 0x0000000002c08540]  2400 bytes
R11=0x00000000568db530 is an unknown value
R12=0x0000000000000000 is an unknown value
R13={method} {0x0000000054edd618} 'nglCreateProgram' '()I' in 'org/lwjgl/opengl/GL20'
R14=0x000000000291f580 is pointing into the stack for thread: 0x00000000024df800
R15=0x00000000024df800 is a thread


Stack: [0x0000000002820000,0x0000000002920000],  sp=0x000000000291f4f8,  free space=1021k
Native frames: (J=compiled Java code, j=interpreted, Vv=VM code, C=native code)
C  [lwjgl_opengl.dll+0x12347]

Java frames: (J=compiled Java code, j=interpreted, Vv=VM code)
j  org.lwjgl.opengl.GL20.nglCreateProgram()I+0
j  org.lwjgl.opengl.GL20.glCreateProgram()I+0
j  main.Shader.<init>(Ljava/lang/String;)V+5
j  main.Game.init()V+97
j  main.Game.<init>()V+5
j  main.Game.main([Ljava/lang/String;)V+3
v  ~StubRoutines::call_stub

---------------  P R O C E S S  ---------------

Java Threads: ( => current thread )
  0x0000000057280800 JavaThread "Service Thread" daemon [_thread_blocked, id=1520, stack(0x0000000057c50000,0x0000000057d50000)]
  0x0000000057217800 JavaThread "C1 CompilerThread2" daemon [_thread_blocked, id=5488, stack(0x00000000579f0000,0x0000000057af0000)]
  0x0000000057216000 JavaThread "C2 CompilerThread1" daemon [_thread_blocked, id=5844, stack(0x00000000577d0000,0x00000000578d0000)]
  0x0000000057210800 JavaThread "C2 CompilerThread0" daemon [_thread_blocked, id=8960, stack(0x0000000057660000,0x0000000057760000)]
  0x000000005539a800 JavaThread "Attach Listener" daemon [_thread_blocked, id=6684, stack(0x00000000563e0000,0x00000000564e0000)]
  0x000000005539f800 JavaThread "Signal Dispatcher" daemon [_thread_blocked, id=2676, stack(0x0000000057110000,0x0000000057210000)]
  0x000000005537e000 JavaThread "Finalizer" daemon [_thread_blocked, id=1336, stack(0x0000000056f90000,0x0000000057090000)]
  0x0000000055337000 JavaThread "Reference Handler" daemon [_thread_blocked, id=6660, stack(0x0000000056530000,0x0000000056630000)]
=>0x00000000024df800 JavaThread "main" [_thread_in_native, id=3816, stack(0x0000000002820000,0x0000000002920000)]

Other Threads:
  0x0000000055330000 VMThread [stack: 0x0000000056270000,0x0000000056370000] [id=1120]
  0x00000000572b7000 WatcherThread [stack: 0x0000000057d60000,0x0000000057e60000] [id=8780]

VM state:not at safepoint (normal execution)

VM Mutex/Monitor currently owned by a thread: None

Heap:
 PSYoungGen      total 18944K, used 6623K [0x00000000eb100000, 0x00000000ec600000, 0x0000000100000000)
  eden space 16384K, 40% used [0x00000000eb100000,0x00000000eb777e50,0x00000000ec100000)
  from space 2560K, 0% used [0x00000000ec380000,0x00000000ec380000,0x00000000ec600000)
  to   space 2560K, 0% used [0x00000000ec100000,0x00000000ec100000,0x00000000ec380000)
 ParOldGen       total 44032K, used 0K [0x00000000c1200000, 0x00000000c3d00000, 0x00000000eb100000)
  object space 44032K, 0% used [0x00000000c1200000,0x00000000c1200000,0x00000000c3d00000)
 Metaspace       used 6022K, capacity 6236K, committed 6400K, reserved 1056768K
  class space    used 657K, capacity 738K, committed 768K, reserved 1048576K

Card table byte_map: [0x0000000011fb0000,0x00000000121b0000] byte_map_base: 0x00000000119a7000

Marking Bits: (ParMarkBitMap*) 0x0000000056eca6d0
 Begin Bits: [0x0000000012830000, 0x00000000137e8000)
 End Bits:   [0x00000000137e8000, 0x00000000147a0000)

Polling page: 0x0000000000440000

CodeCache: size=245760Kb used=2107Kb max_used=2119Kb free=243652Kb
 bounds [0x0000000002bf0000, 0x0000000002e60000, 0x0000000011bf0000]
 total_blobs=1115 nmethods=410 adapters=618
 compilation: enabled

Compilation events (10 events):
Event: 1.290 Thread 0x0000000057217800  405       3       java.util.regex.Pattern$Node::match (27 bytes)
Event: 1.290 Thread 0x0000000057217800 nmethod 405 0x0000000002dfd890 code [0x0000000002dfda00, 0x0000000002dfdbb0]
Event: 1.290 Thread 0x0000000057217800  404       3       java.lang.Character::codePointAt (51 bytes)
Event: 1.291 Thread 0x0000000057210800 nmethod 409 0x0000000002e01fd0 code [0x0000000002e02120, 0x0000000002e02338]
Event: 1.291 Thread 0x0000000057216000 nmethod 406 0x0000000002dfec90 code [0x0000000002dfede0, 0x0000000002dff038]
Event: 1.291 Thread 0x0000000057217800 nmethod 404 0x0000000002dfe290 code [0x0000000002dfe440, 0x0000000002dfeac8]
Event: 1.291 Thread 0x0000000057217800  410       3       java.nio.Bits::byteOrder (20 bytes)
Event: 1.291 Thread 0x0000000057217800 nmethod 410 0x0000000002dfdf90 code [0x0000000002dfe0e0, 0x0000000002dfe230]
Event: 1.291 Thread 0x0000000057217800  407       1       java.util.zip.ZipCoder::isUTF8 (5 bytes)
Event: 1.291 Thread 0x0000000057217800 nmethod 407 0x0000000002dfdcd0 code [0x0000000002dfde20, 0x0000000002dfdf30]

GC Heap History (0 events):
No events

Deoptimization events (0 events):
No events

Internal exceptions (10 events):
Event: 0.579 Thread 0x00000000024df800 Exception <a 'java/security/PrivilegedActionException'> (0x00000000eb4320e8) thrown at [C:\re\workspace\8-2-build-windows-amd64-cygwin\jdk8u112\7884\hotspot\src\share\vm\prims\jvm.cpp, line 1390]
Event: 0.579 Thread 0x00000000024df800 Exception <a 'java/security/PrivilegedActionException'> (0x00000000eb4322f8) thrown at [C:\re\workspace\8-2-build-windows-amd64-cygwin\jdk8u112\7884\hotspot\src\share\vm\prims\jvm.cpp, line 1390]
Event: 0.580 Thread 0x00000000024df800 Exception <a 'java/security/PrivilegedActionException'> (0x00000000eb4358b0) thrown at [C:\re\workspace\8-2-build-windows-amd64-cygwin\jdk8u112\7884\hotspot\src\share\vm\prims\jvm.cpp, line 1390]
Event: 0.580 Thread 0x00000000024df800 Exception <a 'java/security/PrivilegedActionException'> (0x00000000eb435ac0) thrown at [C:\re\workspace\8-2-build-windows-amd64-cygwin\jdk8u112\7884\hotspot\src\share\vm\prims\jvm.cpp, line 1390]
Event: 1.288 Thread 0x00000000024df800 Exception <a 'sun/nio/fs/WindowsException'> (0x00000000eb731be8) thrown at [C:\re\workspace\8-2-build-windows-amd64-cygwin\jdk8u112\7884\hotspot\src\share\vm\prims\jni.cpp, line 709]
Event: 1.288 Thread 0x00000000024df800 Exception <a 'sun/nio/fs/WindowsException'> (0x00000000eb732420) thrown at [C:\re\workspace\8-2-build-windows-amd64-cygwin\jdk8u112\7884\hotspot\src\share\vm\prims\jni.cpp, line 709]
Event: 1.290 Thread 0x00000000024df800 Exception <a 'sun/nio/fs/WindowsException'> (0x00000000eb734168) thrown at [C:\re\workspace\8-2-build-windows-amd64-cygwin\jdk8u112\7884\hotspot\src\share\vm\prims\jni.cpp, line 709]
Event: 1.290 Thread 0x00000000024df800 Exception <a 'sun/nio/fs/WindowsException'> (0x00000000eb734720) thrown at [C:\re\workspace\8-2-build-windows-amd64-cygwin\jdk8u112\7884\hotspot\src\share\vm\prims\jni.cpp, line 709]
Event: 1.290 Thread 0x00000000024df800 Exception <a 'sun/nio/fs/WindowsException'> (0x00000000eb7350f8) thrown at [C:\re\workspace\8-2-build-windows-amd64-cygwin\jdk8u112\7884\hotspot\src\share\vm\prims\jni.cpp, line 709]
Event: 1.290 Thread 0x00000000024df800 Exception <a 'sun/nio/fs/WindowsException'> (0x00000000eb735588) thrown at [C:\re\workspace\8-2-build-windows-amd64-cygwin\jdk8u112\7884\hotspot\src\share\vm\prims\jni.cpp, line 709]

Events (10 events):
Event: 1.288 loading class java/nio/file/NoSuchFileException
Event: 1.289 loading class java/nio/file/FileSystemException
Event: 1.289 loading class java/nio/file/FileSystemException done
Event: 1.289 loading class java/nio/file/NoSuchFileException done
Event: 1.292 loading class org/lwjgl/opengl/GL$1
Event: 1.292 loading class org/lwjgl/opengl/GL$1 done
Event: 1.292 loading class org/lwjgl/opengl/GL$SharedLibraryGL
Event: 1.292 loading class org/lwjgl/opengl/GL$SharedLibraryGL done
Event: 1.293 loading class org/lwjgl/system/SharedLibrary$Delegate
Event: 1.293 loading class org/lwjgl/system/SharedLibrary$Delegate done


Dynamic libraries:
0x000000013f320000 - 0x000000013f357000 	C:\Users\macdonaldz\eclipse\java-neon\eclipse\jre\bin\javaw.exe
0x00000000770f0000 - 0x0000000077299000 	C:\WINDOWS\SYSTEM32\ntdll.dll
0x0000000076fd0000 - 0x00000000770ef000 	C:\WINDOWS\system32\kernel32.dll
0x000007fefcff0000 - 0x000007fefd05c000 	C:\WINDOWS\system32\KERNELBASE.dll
0x000007fefd6d0000 - 0x000007fefd7ab000 	C:\WINDOWS\system32\ADVAPI32.dll
0x000007fefd7c0000 - 0x000007fefd85f000 	C:\WINDOWS\system32\msvcrt.dll
0x000007fefd350000 - 0x000007fefd36f000 	C:\WINDOWS\SYSTEM32\sechost.dll
0x000007fefd520000 - 0x000007fefd64d000 	C:\WINDOWS\system32\RPCRT4.dll
0x0000000076ed0000 - 0x0000000076fca000 	C:\WINDOWS\system32\USER32.dll
0x000007fefd3a0000 - 0x000007fefd407000 	C:\WINDOWS\system32\GDI32.dll
0x000007fefdb50000 - 0x000007fefdb5e000 	C:\WINDOWS\system32\LPK.dll
0x000007fefde10000 - 0x000007fefded9000 	C:\WINDOWS\system32\USP10.dll
0x000007fefb970000 - 0x000007fefbb64000 	C:\WINDOWS\WinSxS\amd64_microsoft.windows.common-controls_6595b64144ccf1df_6.0.7601.17514_none_fa396087175ac9ac\COMCTL32.dll
0x000007fefd650000 - 0x000007fefd6c1000 	C:\WINDOWS\system32\SHLWAPI.dll
0x000007fefd370000 - 0x000007fefd39e000 	C:\WINDOWS\system32\IMM32.DLL
0x000007fefd410000 - 0x000007fefd519000 	C:\WINDOWS\system32\MSCTF.dll
0x0000000074650000 - 0x0000000074689000 	C:\PROGRA~2\Sophos\SOPHOS~1\SOPHOS~2.DLL
0x00000000772c0000 - 0x00000000772c7000 	C:\WINDOWS\system32\PSAPI.DLL
0x0000000079520000 - 0x00000000795f2000 	C:\Users\macdonaldz\eclipse\java-neon\eclipse\jre\bin\msvcr100.dll
0x00000000566b0000 - 0x0000000056f4a000 	C:\Users\macdonaldz\eclipse\java-neon\eclipse\jre\bin\server\jvm.dll
0x000007fef90b0000 - 0x000007fef90b9000 	C:\WINDOWS\system32\WSOCK32.dll
0x000007fefef90000 - 0x000007fefefdd000 	C:\WINDOWS\system32\WS2_32.dll
0x000007fefd7b0000 - 0x000007fefd7b8000 	C:\WINDOWS\system32\NSI.dll
0x000007fefaa70000 - 0x000007fefaaab000 	C:\WINDOWS\system32\WINMM.dll
0x000007fefc110000 - 0x000007fefc11c000 	C:\WINDOWS\system32\VERSION.dll
0x0000000074640000 - 0x000000007464f000 	C:\Users\macdonaldz\eclipse\java-neon\eclipse\jre\bin\verify.dll
0x00000000715d0000 - 0x00000000715f9000 	C:\Users\macdonaldz\eclipse\java-neon\eclipse\jre\bin\java.dll
0x0000000071580000 - 0x0000000071596000 	C:\Users\macdonaldz\eclipse\java-neon\eclipse\jre\bin\zip.dll
0x000007fefdee0000 - 0x000007fefec68000 	C:\WINDOWS\system32\SHELL32.dll
0x000007fefd940000 - 0x000007fefdb43000 	C:\WINDOWS\system32\ole32.dll
0x000007fefcf20000 - 0x000007fefcf2f000 	C:\WINDOWS\system32\profapi.dll
0x0000000071560000 - 0x000000007157a000 	C:\Users\macdonaldz\eclipse\java-neon\eclipse\jre\bin\net.dll
0x000007fefc120000 - 0x000007fefc150000 	C:\ProgramData\Sophos\Web Intelligence\swi_ifslsp_64.dll
0x000007fefc790000 - 0x000007fefc7e5000 	C:\WINDOWS\system32\mswsock.dll
0x000007fefc780000 - 0x000007fefc787000 	C:\WINDOWS\System32\wship6.dll
0x0000000071540000 - 0x0000000071551000 	C:\Users\macdonaldz\eclipse\java-neon\eclipse\jre\bin\nio.dll
0x000007fee7420000 - 0x000007fee7477000 	C:\Users\macdonaldz\AppData\Local\Temp\lwjglmacdonaldz\3.1.1-build-16\lwjgl.dll
0x000007fefa560000 - 0x000007fefa563000 	C:\WINDOWS\system32\api-ms-win-core-synch-l1-2-0.DLL
0x000007fee8ff0000 - 0x000007fee902e000 	C:\Users\MACDON~1\AppData\Local\Temp\lwjglmacdonaldz\3.1.1-build-16\jemalloc.dll
0x000007fee9a40000 - 0x000007fee9a7c000 	C:\Users\MACDON~1\AppData\Local\Temp\lwjglmacdonaldz\3.1.1-build-16\glfw.dll
0x000007fefb8e0000 - 0x000007fefb936000 	C:\WINDOWS\system32\uxtheme.dll
0x000007fee8fb0000 - 0x000007fee8fec000 	C:\WINDOWS\system32\dinput8.dll
0x000007fefa3a0000 - 0x000007fefa3ac000 	C:\WINDOWS\system32\xinput9_1_0.dll
0x000007fefefe0000 - 0x000007feff1b7000 	C:\WINDOWS\system32\SETUPAPI.dll
0x000007fefd2e0000 - 0x000007fefd316000 	C:\WINDOWS\system32\CFGMGR32.dll
0x000007fefd860000 - 0x000007fefd937000 	C:\WINDOWS\system32\OLEAUT32.dll
0x000007fefd1d0000 - 0x000007fefd1ea000 	C:\WINDOWS\system32\DEVOBJ.dll
0x000007fefb260000 - 0x000007fefb278000 	C:\WINDOWS\system32\dwmapi.dll
0x000007fefb520000 - 0x000007fefb52b000 	C:\WINDOWS\system32\HID.DLL
0x000007fefd2a0000 - 0x000007fefd2da000 	C:\WINDOWS\system32\WINTRUST.dll
0x000007fefd060000 - 0x000007fefd1cc000 	C:\WINDOWS\system32\CRYPT32.dll
0x000007fefcfc0000 - 0x000007fefcfcf000 	C:\WINDOWS\system32\MSASN1.dll
0x000007fee9f40000 - 0x000007feea05d000 	C:\WINDOWS\system32\opengl32.dll
0x000007feea840000 - 0x000007feea86d000 	C:\WINDOWS\system32\GLU32.dll
0x000007fee9e40000 - 0x000007fee9f31000 	C:\WINDOWS\system32\DDRAW.dll
0x000007fef3ae0000 - 0x000007fef3ae8000 	C:\WINDOWS\system32\DCIMAN32.dll
0x0000000180000000 - 0x00000001806dc000 	C:\WINDOWS\system32\ig75icd64.dll
0x000007feed230000 - 0x000007feed664000 	C:\WINDOWS\system32\igdusc64.dll
0x000007fefce50000 - 0x000007fefce5f000 	C:\WINDOWS\system32\CRYPTBASE.dll
0x000007fee6d70000 - 0x000007fee6dcf000 	C:\Users\macdonaldz\AppData\Local\Temp\lwjglmacdonaldz\3.1.1-build-16\lwjgl_opengl.dll
0x000007fef4fa0000 - 0x000007fef50c5000 	C:\WINDOWS\system32\dbghelp.dll

VM Arguments:
jvm_args: -Dfile.encoding=Cp1252 
java_command: main.Game
java_class_path (initial): C:\Users\macdonaldz\Desktop\GitHub\SchoolGame\SchoolGame\bin;C:\Users\macdonaldz\Desktop\Programming\Libraries\LWJGL3\lwjgl.jar;C:\Users\macdonaldz\Desktop\Programming\Libraries\LWJGL3\lwjgl-assimp.jar;C:\Users\macdonaldz\Desktop\Programming\Libraries\LWJGL3\lwjgl-assimp-natives-windows.jar;C:\Users\macdonaldz\Desktop\Programming\Libraries\LWJGL3\lwjgl-bgfx.jar;C:\Users\macdonaldz\Desktop\Programming\Libraries\LWJGL3\lwjgl-bgfx-natives-windows.jar;C:\Users\macdonaldz\Desktop\Programming\Libraries\LWJGL3\lwjgl-egl.jar;C:\Users\macdonaldz\Desktop\Programming\Libraries\LWJGL3\lwjgl-glfw.jar;C:\Users\macdonaldz\Desktop\Programming\Libraries\LWJGL3\lwjgl-glfw-natives-windows.jar;C:\Users\macdonaldz\Desktop\Programming\Libraries\LWJGL3\lwjgl-jawt.jar;C:\Users\macdonaldz\Desktop\Programming\Libraries\LWJGL3\lwjgl-jemalloc.jar;C:\Users\macdonaldz\Desktop\Programming\Libraries\LWJGL3\lwjgl-jemalloc-natives-windows.jar;C:\Users\macdonaldz\Desktop\Programming\Libraries\LWJGL3\lwjgl-lmdb.jar;C:\Users\macdonaldz\Desktop\Programming\Libraries\LWJGL3\lwjgl-lmdb-natives-windows.jar;C:\Users\macdonaldz\Desktop\Programming\Libraries\LWJGL3\lwjgl-nanovg.jar;C:\Users\macdonaldz\Desktop\Programming\Libraries\LWJGL3\lwjgl-nanovg-natives-windows.jar;C:\Users\macdonaldz\Desktop\Programming\Libraries\LWJGL3\lwjgl-natives-windows.jar;C:\Users\macdonaldz\Desktop\Programming\Libraries\LWJGL3\lwjgl-nfd.jar;C:\Users\macdonaldz\Desktop\Programming\Libraries\LWJGL3\lwjgl-nfd-natives-windows.jar;C:\Users\macdonaldz\Desktop\Programming\Libraries\LWJGL3\lwjgl-nuklear.jar;C:\Users\macdonaldz\Desktop\Programming\Libraries\LWJGL3\lwjgl-nuklear-natives-windows.jar;C:\Users\macdonaldz\Desktop\Programming\Libraries\LWJGL3\lwjgl-openal.jar;C:\Users\macdonaldz\Desktop\Programming\Libraries\LWJGL3\lwjgl-openal-natives-windows.jar;C:\Users\macdonaldz\Desktop\Programming\Libraries\LWJGL3\lwjgl-opencl.jar;C:\Users\macdonaldz\Desktop\Programming\Libraries\LWJGL3\lwjgl-opengl.jar;C:\Us
Launcher Type: SUN_STANDARD

Environment Variables:
PATH=C:/Users/macdonaldz/eclipse/java-neon/eclipse/jre/bin/server;C:/Users/macdonaldz/eclipse/java-neon/eclipse/jre/bin;C:/Users/macdonaldz/eclipse/java-neon/eclipse/jre/lib/amd64;C:\Users\macdonaldz\AppData\Local\Programs\Python\Python35-32;C:\Users\macdonaldz\AppData\Local\Programs\Python\Python35-32\Scripts;C:\Users\macdonaldz\AppData\Local\atom\bin;C:\WINDOWS\system32;
USERNAME=macdonaldz
OS=Windows_NT
PROCESSOR_IDENTIFIER=Intel64 Family 6 Model 69 Stepping 1, GenuineIntel



---------------  S Y S T E M  ---------------

OS: Windows 7 , 64 bit Build 7601 (6.1.7601.18409)

CPU:total 4 (2 cores per cpu, 2 threads per core) family 6 model 69 stepping 1, cmov, cx8, fxsr, mmx, sse, sse2, sse3, ssse3, sse4.1, sse4.2, popcnt, avx, avx2, aes, clmul, erms, lzcnt, ht, tsc, tscinvbit, bmi1, bmi2

Memory: 4k page, physical 4113884k(805860k free), swap 8225904k(2928836k free)

vm_info: Java HotSpot(TM) 64-Bit Server VM (25.112-b15) for windows-amd64 JRE (1.8.0_112-b15), built on Sep 22 2016 21:31:56 by "java_re" with MS VC++ 10.0 (VS2010)

time: Thu Mar 09 14:03:49 2017
elapsed time: 1 seconds (0d 0h 0m 1s)

