#
# A fatal error has been detected by the Java Runtime Environment:
#
#  EXCEPTION_ACCESS_VIOLATION (0xc0000005) at pc=0x000007fee6f620fd, pid=4816, tid=0x0000000000001c24
#
# JRE version: Java(TM) SE Runtime Environment (8.0_112-b15) (build 1.8.0_112-b15)
# Java VM: Java HotSpot(TM) 64-Bit Server VM (25.112-b15 mixed mode windows-amd64 compressed oops)
# Problematic frame:
# C  [lwjgl_opengl.dll+0x120fd]
#
# Failed to write core dump. Minidumps are not enabled by default on client versions of Windows
#
# If you would like to submit a bug report, please visit:
#   http://bugreport.java.com/bugreport/crash.jsp
# The crash happened outside the Java Virtual Machine in native code.
# See problematic frame for where to report the bug.
#

---------------  T H R E A D  ---------------

Current thread (0x000000000235f800):  JavaThread "main" [_thread_in_native, id=7204, stack(0x0000000002790000,0x0000000002890000)]

siginfo: ExceptionCode=0xc0000005, reading address 0x0000000000000e88

Registers:
RAX=0x0000000056e4ed50, RBX=0x0000000054cfbdc8, RCX=0x0000000000000001, RDX=0x00000000579d0ecc
RSP=0x000000000288f2a8, RBP=0x000000000288f330, RSI=0x0000000000000020, RDI=0x0000000002b67e50
R8 =0x0000000000000001, R9 =0x00000000579d0ecc, R10=0x0000000000000000, R11=0x00000000568db530
R12=0x0000000000000000, R13=0x0000000054cfbdc8, R14=0x000000000288f360, R15=0x000000000235f800
RIP=0x000007fee6f620fd, EFLAGS=0x0000000000010206

Top of Stack: (sp=0x000000000288f2a8)
0x000000000288f2a8:   0000000002b77f54 0000000002b67e50
0x000000000288f2b8:   0000000002b77cbd 000000000235f800
0x000000000288f2c8:   0000000054cfbdc8 0000000000000020
0x000000000288f2d8:   000000000235f800 000000000288f3d8
0x000000000288f2e8:   0000000002b77c82 000000000288f2f0
0x000000000288f2f8:   0000000054cfbdc8 000000000288f360
0x000000000288f308:   0000000054cffe68 0000000000000000
0x000000000288f318:   0000000054cfbdc8 0000000000000000
0x000000000288f328:   000000000288f350 000000000288f3a8
0x000000000288f338:   0000000002b68331 00000000eb6e00d0
0x000000000288f348:   0000000002b719b8 00000000579d0ecc
0x000000000288f358:   00000000eb72ecd0 0000000000000001
0x000000000288f368:   000000000288f368 0000000054cfbf1c
0x000000000288f378:   000000000288f3d8 0000000054cffe68
0x000000000288f388:   0000000000000000 0000000054cfbf80
0x000000000288f398:   000000000288f350 000000000288f3e0 

Instructions: (pc=0x000007fee6f620fd)
0x000007fee6f620dd:   49 ff a2 20 09 00 00 cc cc cc cc cc cc cc cc cc
0x000007fee6f620ed:   cc cc cc 48 8b 01 49 8b d1 41 8b c8 4c 8b 50 18
0x000007fee6f620fd:   49 ff a2 88 0e 00 00 cc cc cc cc cc cc cc cc cc
0x000007fee6f6210d:   cc cc cc 48 8b 01 48 8b 48 18 48 8b 81 b0 1a 00 


Register to memory mapping:

RAX=0x0000000056e4ed50 is an unknown value
RBX={method} {0x0000000054cfbdd0} 'nglGenBuffers' '(IJ)V' in 'org/lwjgl/opengl/GL15'
RCX=0x0000000000000001 is an unknown value
RDX=0x00000000579d0ecc is an unknown value
RSP=0x000000000288f2a8 is pointing into the stack for thread: 0x000000000235f800
RBP=0x000000000288f330 is pointing into the stack for thread: 0x000000000235f800
RSI=0x0000000000000020 is an unknown value
RDI=0x0000000002b67e50 is at code_begin+1040 in an Interpreter codelet
invoke return entry points  [0x0000000002b67a40, 0x0000000002b68420]  2528 bytes
R8 =0x0000000000000001 is an unknown value
R9 =0x00000000579d0ecc is an unknown value
R10=0x0000000000000000 is an unknown value
R11=0x00000000568db530 is an unknown value
R12=0x0000000000000000 is an unknown value
R13={method} {0x0000000054cfbdd0} 'nglGenBuffers' '(IJ)V' in 'org/lwjgl/opengl/GL15'
R14=0x000000000288f360 is pointing into the stack for thread: 0x000000000235f800
R15=0x000000000235f800 is a thread


Stack: [0x0000000002790000,0x0000000002890000],  sp=0x000000000288f2a8,  free space=1020k
Native frames: (J=compiled Java code, j=interpreted, Vv=VM code, C=native code)
C  [lwjgl_opengl.dll+0x120fd]

Java frames: (J=compiled Java code, j=interpreted, Vv=VM code)
j  org.lwjgl.opengl.GL15.nglGenBuffers(IJ)V+0
j  org.lwjgl.opengl.GL15.glGenBuffers()I+20
j  main.Model.<init>([F[F[I)V+11
j  main.TileRenderer.<init>()V+150
j  main.Game.init()V+95
j  main.Game.<init>()V+5
j  main.Game.main([Ljava/lang/String;)V+3
v  ~StubRoutines::call_stub

---------------  P R O C E S S  ---------------

Java Threads: ( => current thread )
  0x000000005764c800 JavaThread "Service Thread" daemon [_thread_blocked, id=7088, stack(0x0000000057da0000,0x0000000057ea0000)]
  0x0000000057648000 JavaThread "C1 CompilerThread2" daemon [_thread_blocked, id=2516, stack(0x0000000057c90000,0x0000000057d90000)]
  0x0000000057647800 JavaThread "C2 CompilerThread1" daemon [_thread_blocked, id=7572, stack(0x0000000057b00000,0x0000000057c00000)]
  0x00000000551b5800 JavaThread "C2 CompilerThread0" daemon [_thread_blocked, id=5988, stack(0x00000000574f0000,0x00000000575f0000)]
  0x00000000551b2000 JavaThread "Attach Listener" daemon [_thread_blocked, id=4244, stack(0x0000000057380000,0x0000000057480000)]
  0x00000000551be800 JavaThread "Signal Dispatcher" daemon [_thread_blocked, id=7616, stack(0x0000000057210000,0x0000000057310000)]
  0x000000005519a800 JavaThread "Finalizer" daemon [_thread_blocked, id=356, stack(0x00000000570b0000,0x00000000571b0000)]
  0x0000000055153800 JavaThread "Reference Handler" daemon [_thread_blocked, id=3900, stack(0x00000000564b0000,0x00000000565b0000)]
=>0x000000000235f800 JavaThread "main" [_thread_in_native, id=7204, stack(0x0000000002790000,0x0000000002890000)]

Other Threads:
  0x000000005514c000 VMThread [stack: 0x00000000562b0000,0x00000000563b0000] [id=572]
  0x0000000057683800 WatcherThread [stack: 0x0000000057f60000,0x0000000058060000] [id=6244]

VM state:not at safepoint (normal execution)

VM Mutex/Monitor currently owned by a thread: None

Heap:
 PSYoungGen      total 18944K, used 6615K [0x00000000eb100000, 0x00000000ec600000, 0x0000000100000000)
  eden space 16384K, 40% used [0x00000000eb100000,0x00000000eb775e38,0x00000000ec100000)
  from space 2560K, 0% used [0x00000000ec380000,0x00000000ec380000,0x00000000ec600000)
  to   space 2560K, 0% used [0x00000000ec100000,0x00000000ec100000,0x00000000ec380000)
 ParOldGen       total 44032K, used 0K [0x00000000c1200000, 0x00000000c3d00000, 0x00000000eb100000)
  object space 44032K, 0% used [0x00000000c1200000,0x00000000c1200000,0x00000000c3d00000)
 Metaspace       used 5975K, capacity 6172K, committed 6400K, reserved 1056768K
  class space    used 657K, capacity 738K, committed 768K, reserved 1048576K

Card table byte_map: [0x0000000011f20000,0x0000000012120000] byte_map_base: 0x0000000011917000

Marking Bits: (ParMarkBitMap*) 0x0000000056eca6d0
 Begin Bits: [0x0000000012650000, 0x0000000013608000)
 End Bits:   [0x0000000013608000, 0x00000000145c0000)

Polling page: 0x0000000000140000

CodeCache: size=245760Kb used=2127Kb max_used=2139Kb free=243632Kb
 bounds [0x0000000002b60000, 0x0000000002dd0000, 0x0000000011b60000]
 total_blobs=1110 nmethods=415 adapters=608
 compilation: enabled

Compilation events (10 events):
Event: 1.030 Thread 0x0000000057648000  410       3       java.util.regex.Pattern$Node::match (27 bytes)
Event: 1.030 Thread 0x0000000057648000 nmethod 410 0x0000000002d72f90 code [0x0000000002d73100, 0x0000000002d732b0]
Event: 1.030 Thread 0x0000000057648000  409       3       java.lang.Character::codePointAt (51 bytes)
Event: 1.031 Thread 0x0000000057648000 nmethod 409 0x0000000002d733d0 code [0x0000000002d73580, 0x0000000002d73c08]
Event: 1.031 Thread 0x0000000057648000  415       3       java.nio.Bits::byteOrder (20 bytes)
Event: 1.031 Thread 0x0000000057648000 nmethod 415 0x0000000002d76c10 code [0x0000000002d76d60, 0x0000000002d76eb0]
Event: 1.031 Thread 0x0000000057648000  413       1       java.util.zip.ZipCoder::isUTF8 (5 bytes)
Event: 1.031 Thread 0x0000000057648000 nmethod 413 0x0000000002d76f10 code [0x0000000002d77060, 0x0000000002d77170]
Event: 1.032 Thread 0x0000000057647800  412       4       java.util.Arrays::copyOfRange (63 bytes)
Event: 1.032 Thread 0x00000000551b5800 nmethod 411 0x0000000002d771d0 code [0x0000000002d77320, 0x0000000002d77578]

GC Heap History (0 events):
No events

Deoptimization events (0 events):
No events

Internal exceptions (10 events):
Event: 0.438 Thread 0x000000000235f800 Exception <a 'java/security/PrivilegedActionException'> (0x00000000eb4320e8) thrown at [C:\re\workspace\8-2-build-windows-amd64-cygwin\jdk8u112\7884\hotspot\src\share\vm\prims\jvm.cpp, line 1390]
Event: 0.438 Thread 0x000000000235f800 Exception <a 'java/security/PrivilegedActionException'> (0x00000000eb4322f8) thrown at [C:\re\workspace\8-2-build-windows-amd64-cygwin\jdk8u112\7884\hotspot\src\share\vm\prims\jvm.cpp, line 1390]
Event: 0.439 Thread 0x000000000235f800 Exception <a 'java/security/PrivilegedActionException'> (0x00000000eb4358b0) thrown at [C:\re\workspace\8-2-build-windows-amd64-cygwin\jdk8u112\7884\hotspot\src\share\vm\prims\jvm.cpp, line 1390]
Event: 0.439 Thread 0x000000000235f800 Exception <a 'java/security/PrivilegedActionException'> (0x00000000eb435ac0) thrown at [C:\re\workspace\8-2-build-windows-amd64-cygwin\jdk8u112\7884\hotspot\src\share\vm\prims\jvm.cpp, line 1390]
Event: 1.028 Thread 0x000000000235f800 Exception <a 'sun/nio/fs/WindowsException'> (0x00000000eb71ad10) thrown at [C:\re\workspace\8-2-build-windows-amd64-cygwin\jdk8u112\7884\hotspot\src\share\vm\prims\jni.cpp, line 709]
Event: 1.029 Thread 0x000000000235f800 Exception <a 'sun/nio/fs/WindowsException'> (0x00000000eb71b548) thrown at [C:\re\workspace\8-2-build-windows-amd64-cygwin\jdk8u112\7884\hotspot\src\share\vm\prims\jni.cpp, line 709]
Event: 1.030 Thread 0x000000000235f800 Exception <a 'sun/nio/fs/WindowsException'> (0x00000000eb71d290) thrown at [C:\re\workspace\8-2-build-windows-amd64-cygwin\jdk8u112\7884\hotspot\src\share\vm\prims\jni.cpp, line 709]
Event: 1.030 Thread 0x000000000235f800 Exception <a 'sun/nio/fs/WindowsException'> (0x00000000eb71d848) thrown at [C:\re\workspace\8-2-build-windows-amd64-cygwin\jdk8u112\7884\hotspot\src\share\vm\prims\jni.cpp, line 709]
Event: 1.031 Thread 0x000000000235f800 Exception <a 'sun/nio/fs/WindowsException'> (0x00000000eb71e220) thrown at [C:\re\workspace\8-2-build-windows-amd64-cygwin\jdk8u112\7884\hotspot\src\share\vm\prims\jni.cpp, line 709]
Event: 1.031 Thread 0x000000000235f800 Exception <a 'sun/nio/fs/WindowsException'> (0x00000000eb71e6b0) thrown at [C:\re\workspace\8-2-build-windows-amd64-cygwin\jdk8u112\7884\hotspot\src\share\vm\prims\jni.cpp, line 709]

Events (10 events):
Event: 1.029 loading class java/nio/file/NoSuchFileException
Event: 1.029 loading class java/nio/file/FileSystemException
Event: 1.029 loading class java/nio/file/FileSystemException done
Event: 1.029 loading class java/nio/file/NoSuchFileException done
Event: 1.032 loading class org/lwjgl/opengl/GL$1
Event: 1.032 loading class org/lwjgl/opengl/GL$1 done
Event: 1.032 loading class org/lwjgl/opengl/GL$SharedLibraryGL
Event: 1.032 loading class org/lwjgl/opengl/GL$SharedLibraryGL done
Event: 1.033 loading class org/lwjgl/system/SharedLibrary$Delegate
Event: 1.033 loading class org/lwjgl/system/SharedLibrary$Delegate done


Dynamic libraries:
0x000000013fd40000 - 0x000000013fd77000 	C:\Users\macdonaldz\eclipse\java-neon\eclipse\jre\bin\javaw.exe
0x00000000770f0000 - 0x0000000077299000 	C:\WINDOWS\SYSTEM32\ntdll.dll
0x0000000076fd0000 - 0x00000000770ef000 	C:\WINDOWS\system32\kernel32.dll
0x000007fefcff0000 - 0x000007fefd05c000 	C:\WINDOWS\system32\KERNELBASE.dll
0x000007fefd6d0000 - 0x000007fefd7ab000 	C:\WINDOWS\system32\ADVAPI32.dll
0x000007fefd7c0000 - 0x000007fefd85f000 	C:\WINDOWS\system32\msvcrt.dll
0x000007fefd350000 - 0x000007fefd36f000 	C:\WINDOWS\SYSTEM32\sechost.dll
0x000007fefd520000 - 0x000007fefd64d000 	C:\WINDOWS\system32\RPCRT4.dll
0x0000000076ed0000 - 0x0000000076fca000 	C:\WINDOWS\system32\USER32.dll
0x000007fefd3a0000 - 0x000007fefd407000 	C:\WINDOWS\system32\GDI32.dll
0x000007fefdb50000 - 0x000007fefdb5e000 	C:\WINDOWS\system32\LPK.dll
0x000007fefde10000 - 0x000007fefded9000 	C:\WINDOWS\system32\USP10.dll
0x000007fefb970000 - 0x000007fefbb64000 	C:\WINDOWS\WinSxS\amd64_microsoft.windows.common-controls_6595b64144ccf1df_6.0.7601.17514_none_fa396087175ac9ac\COMCTL32.dll
0x000007fefd650000 - 0x000007fefd6c1000 	C:\WINDOWS\system32\SHLWAPI.dll
0x000007fefd370000 - 0x000007fefd39e000 	C:\WINDOWS\system32\IMM32.DLL
0x000007fefd410000 - 0x000007fefd519000 	C:\WINDOWS\system32\MSCTF.dll
0x0000000074650000 - 0x0000000074689000 	C:\PROGRA~2\Sophos\SOPHOS~1\SOPHOS~2.DLL
0x00000000772c0000 - 0x00000000772c7000 	C:\WINDOWS\system32\PSAPI.DLL
0x0000000079690000 - 0x0000000079762000 	C:\Users\macdonaldz\eclipse\java-neon\eclipse\jre\bin\msvcr100.dll
0x00000000566b0000 - 0x0000000056f4a000 	C:\Users\macdonaldz\eclipse\java-neon\eclipse\jre\bin\server\jvm.dll
0x000007fef90b0000 - 0x000007fef90b9000 	C:\WINDOWS\system32\WSOCK32.dll
0x000007fefef90000 - 0x000007fefefdd000 	C:\WINDOWS\system32\WS2_32.dll
0x000007fefd7b0000 - 0x000007fefd7b8000 	C:\WINDOWS\system32\NSI.dll
0x000007fefaa70000 - 0x000007fefaaab000 	C:\WINDOWS\system32\WINMM.dll
0x000007fefc110000 - 0x000007fefc11c000 	C:\WINDOWS\system32\VERSION.dll
0x0000000074640000 - 0x000000007464f000 	C:\Users\macdonaldz\eclipse\java-neon\eclipse\jre\bin\verify.dll
0x00000000715d0000 - 0x00000000715f9000 	C:\Users\macdonaldz\eclipse\java-neon\eclipse\jre\bin\java.dll
0x0000000071580000 - 0x0000000071596000 	C:\Users\macdonaldz\eclipse\java-neon\eclipse\jre\bin\zip.dll
0x000007fefdee0000 - 0x000007fefec68000 	C:\WINDOWS\system32\SHELL32.dll
0x000007fefd940000 - 0x000007fefdb43000 	C:\WINDOWS\system32\ole32.dll
0x000007fefcf20000 - 0x000007fefcf2f000 	C:\WINDOWS\system32\profapi.dll
0x0000000071560000 - 0x000000007157a000 	C:\Users\macdonaldz\eclipse\java-neon\eclipse\jre\bin\net.dll
0x000007fefc120000 - 0x000007fefc150000 	C:\ProgramData\Sophos\Web Intelligence\swi_ifslsp_64.dll
0x000007fefc790000 - 0x000007fefc7e5000 	C:\WINDOWS\system32\mswsock.dll
0x000007fefc780000 - 0x000007fefc787000 	C:\WINDOWS\System32\wship6.dll
0x0000000071540000 - 0x0000000071551000 	C:\Users\macdonaldz\eclipse\java-neon\eclipse\jre\bin\nio.dll
0x000007fee8fd0000 - 0x000007fee9027000 	C:\Users\macdonaldz\AppData\Local\Temp\lwjglmacdonaldz\3.1.1-build-16\lwjgl.dll
0x000007fefa3a0000 - 0x000007fefa3a3000 	C:\WINDOWS\system32\api-ms-win-core-synch-l1-2-0.DLL
0x000007fee9a40000 - 0x000007fee9a7e000 	C:\Users\MACDON~1\AppData\Local\Temp\lwjglmacdonaldz\3.1.1-build-16\jemalloc.dll
0x000007fee76d0000 - 0x000007fee770c000 	C:\Users\MACDON~1\AppData\Local\Temp\lwjglmacdonaldz\3.1.1-build-16\glfw.dll
0x000007fefb8e0000 - 0x000007fefb936000 	C:\WINDOWS\system32\uxtheme.dll
0x000007fee7440000 - 0x000007fee747c000 	C:\WINDOWS\system32\dinput8.dll
0x000007fefa560000 - 0x000007fefa56c000 	C:\WINDOWS\system32\xinput9_1_0.dll
0x000007fefefe0000 - 0x000007feff1b7000 	C:\WINDOWS\system32\SETUPAPI.dll
0x000007fefd2e0000 - 0x000007fefd316000 	C:\WINDOWS\system32\CFGMGR32.dll
0x000007fefd860000 - 0x000007fefd937000 	C:\WINDOWS\system32\OLEAUT32.dll
0x000007fefd1d0000 - 0x000007fefd1ea000 	C:\WINDOWS\system32\DEVOBJ.dll
0x000007fefb260000 - 0x000007fefb278000 	C:\WINDOWS\system32\dwmapi.dll
0x000007fefb520000 - 0x000007fefb52b000 	C:\WINDOWS\system32\HID.DLL
0x000007fefd2a0000 - 0x000007fefd2da000 	C:\WINDOWS\system32\WINTRUST.dll
0x000007fefd060000 - 0x000007fefd1cc000 	C:\WINDOWS\system32\CRYPT32.dll
0x000007fefcfc0000 - 0x000007fefcfcf000 	C:\WINDOWS\system32\MSASN1.dll
0x000007fee9f40000 - 0x000007feea05d000 	C:\WINDOWS\system32\opengl32.dll
0x000007feea840000 - 0x000007feea86d000 	C:\WINDOWS\system32\GLU32.dll
0x000007fee9e40000 - 0x000007fee9f31000 	C:\WINDOWS\system32\DDRAW.dll
0x000007fef3ae0000 - 0x000007fef3ae8000 	C:\WINDOWS\system32\DCIMAN32.dll
0x0000000180000000 - 0x00000001806dc000 	C:\WINDOWS\system32\ig75icd64.dll
0x000007feed230000 - 0x000007feed664000 	C:\WINDOWS\system32\igdusc64.dll
0x000007fefce50000 - 0x000007fefce5f000 	C:\WINDOWS\system32\CRYPTBASE.dll
0x000007fee6f50000 - 0x000007fee6faf000 	C:\Users\macdonaldz\AppData\Local\Temp\lwjglmacdonaldz\3.1.1-build-16\lwjgl_opengl.dll
0x000007fef4fa0000 - 0x000007fef50c5000 	C:\WINDOWS\system32\dbghelp.dll

VM Arguments:
jvm_args: -Dfile.encoding=Cp1252 
java_command: main.Game
java_class_path (initial): C:\Users\macdonaldz\Desktop\GitHub\SchoolGame\SchoolGame\bin;C:\Users\macdonaldz\Desktop\Programming\Libraries\LWJGL3\lwjgl.jar;C:\Users\macdonaldz\Desktop\Programming\Libraries\LWJGL3\lwjgl-assimp.jar;C:\Users\macdonaldz\Desktop\Programming\Libraries\LWJGL3\lwjgl-assimp-natives-windows.jar;C:\Users\macdonaldz\Desktop\Programming\Libraries\LWJGL3\lwjgl-bgfx.jar;C:\Users\macdonaldz\Desktop\Programming\Libraries\LWJGL3\lwjgl-bgfx-natives-windows.jar;C:\Users\macdonaldz\Desktop\Programming\Libraries\LWJGL3\lwjgl-egl.jar;C:\Users\macdonaldz\Desktop\Programming\Libraries\LWJGL3\lwjgl-glfw.jar;C:\Users\macdonaldz\Desktop\Programming\Libraries\LWJGL3\lwjgl-glfw-natives-windows.jar;C:\Users\macdonaldz\Desktop\Programming\Libraries\LWJGL3\lwjgl-jawt.jar;C:\Users\macdonaldz\Desktop\Programming\Libraries\LWJGL3\lwjgl-jemalloc.jar;C:\Users\macdonaldz\Desktop\Programming\Libraries\LWJGL3\lwjgl-jemalloc-natives-windows.jar;C:\Users\macdonaldz\Desktop\Programming\Libraries\LWJGL3\lwjgl-lmdb.jar;C:\Users\macdonaldz\Desktop\Programming\Libraries\LWJGL3\lwjgl-lmdb-natives-windows.jar;C:\Users\macdonaldz\Desktop\Programming\Libraries\LWJGL3\lwjgl-nanovg.jar;C:\Users\macdonaldz\Desktop\Programming\Libraries\LWJGL3\lwjgl-nanovg-natives-windows.jar;C:\Users\macdonaldz\Desktop\Programming\Libraries\LWJGL3\lwjgl-natives-windows.jar;C:\Users\macdonaldz\Desktop\Programming\Libraries\LWJGL3\lwjgl-nfd.jar;C:\Users\macdonaldz\Desktop\Programming\Libraries\LWJGL3\lwjgl-nfd-natives-windows.jar;C:\Users\macdonaldz\Desktop\Programming\Libraries\LWJGL3\lwjgl-nuklear.jar;C:\Users\macdonaldz\Desktop\Programming\Libraries\LWJGL3\lwjgl-nuklear-natives-windows.jar;C:\Users\macdonaldz\Desktop\Programming\Libraries\LWJGL3\lwjgl-openal.jar;C:\Users\macdonaldz\Desktop\Programming\Libraries\LWJGL3\lwjgl-openal-natives-windows.jar;C:\Users\macdonaldz\Desktop\Programming\Libraries\LWJGL3\lwjgl-opencl.jar;C:\Users\macdonaldz\Desktop\Programming\Libraries\LWJGL3\lwjgl-opengl.jar;C:\Us
Launcher Type: SUN_STANDARD

Environment Variables:
PATH=C:/Users/macdonaldz/eclipse/java-neon/eclipse/jre/bin/server;C:/Users/macdonaldz/eclipse/java-neon/eclipse/jre/bin;C:/Users/macdonaldz/eclipse/java-neon/eclipse/jre/lib/amd64;C:\Users\macdonaldz\AppData\Local\Programs\Python\Python35-32;C:\Users\macdonaldz\AppData\Local\Programs\Python\Python35-32\Scripts;C:\Users\macdonaldz\AppData\Local\atom\bin;C:\WINDOWS\system32;
USERNAME=macdonaldz
OS=Windows_NT
PROCESSOR_IDENTIFIER=Intel64 Family 6 Model 69 Stepping 1, GenuineIntel



---------------  S Y S T E M  ---------------

OS: Windows 7 , 64 bit Build 7601 (6.1.7601.18409)

CPU:total 4 (2 cores per cpu, 2 threads per core) family 6 model 69 stepping 1, cmov, cx8, fxsr, mmx, sse, sse2, sse3, ssse3, sse4.1, sse4.2, popcnt, avx, avx2, aes, clmul, erms, lzcnt, ht, tsc, tscinvbit, bmi1, bmi2

Memory: 4k page, physical 4113884k(801716k free), swap 8225904k(2931840k free)

vm_info: Java HotSpot(TM) 64-Bit Server VM (25.112-b15) for windows-amd64 JRE (1.8.0_112-b15), built on Sep 22 2016 21:31:56 by "java_re" with MS VC++ 10.0 (VS2010)

time: Thu Mar 09 14:03:33 2017
elapsed time: 1 seconds (0d 0h 0m 1s)

